mode: set
gitlab.cs.ui.ac.id/ppl-fasilkom-ui/2022/Kelas-B/OOP/majapahit-service/database/postgres/postgres.go:14.22,16.38 2 1
gitlab.cs.ui.ac.id/ppl-fasilkom-ui/2022/Kelas-B/OOP/majapahit-service/database/postgres/postgres.go:20.2,21.16 2 1
gitlab.cs.ui.ac.id/ppl-fasilkom-ui/2022/Kelas-B/OOP/majapahit-service/database/postgres/postgres.go:26.2,27.11 2 1
gitlab.cs.ui.ac.id/ppl-fasilkom-ui/2022/Kelas-B/OOP/majapahit-service/database/postgres/postgres.go:16.38,18.3 1 1
gitlab.cs.ui.ac.id/ppl-fasilkom-ui/2022/Kelas-B/OOP/majapahit-service/database/postgres/postgres.go:21.16,24.3 2 1
gitlab.cs.ui.ac.id/ppl-fasilkom-ui/2022/Kelas-B/OOP/majapahit-service/internal/checkup/handler.go:16.43,20.2 1 1
gitlab.cs.ui.ac.id/ppl-fasilkom-ui/2022/Kelas-B/OOP/majapahit-service/internal/checkup/handler.go:23.63,25.16 2 1
gitlab.cs.ui.ac.id/ppl-fasilkom-ui/2022/Kelas-B/OOP/majapahit-service/internal/checkup/handler.go:33.2,36.4 1 1
gitlab.cs.ui.ac.id/ppl-fasilkom-ui/2022/Kelas-B/OOP/majapahit-service/internal/checkup/handler.go:25.16,31.3 2 1
gitlab.cs.ui.ac.id/ppl-fasilkom-ui/2022/Kelas-B/OOP/majapahit-service/internal/checkup/repo.go:9.32,13.2 1 1
gitlab.cs.ui.ac.id/ppl-fasilkom-ui/2022/Kelas-B/OOP/majapahit-service/internal/checkup/repo.go:24.53,25.17 1 1
gitlab.cs.ui.ac.id/ppl-fasilkom-ui/2022/Kelas-B/OOP/majapahit-service/internal/checkup/repo.go:29.2,30.16 2 1
gitlab.cs.ui.ac.id/ppl-fasilkom-ui/2022/Kelas-B/OOP/majapahit-service/internal/checkup/repo.go:34.2,34.18 1 1
gitlab.cs.ui.ac.id/ppl-fasilkom-ui/2022/Kelas-B/OOP/majapahit-service/internal/checkup/repo.go:25.17,27.3 1 1
gitlab.cs.ui.ac.id/ppl-fasilkom-ui/2022/Kelas-B/OOP/majapahit-service/internal/checkup/repo.go:30.16,32.3 1 1
gitlab.cs.ui.ac.id/ppl-fasilkom-ui/2022/Kelas-B/OOP/majapahit-service/internal/checkup/service.go:4.36,8.2 1 1
gitlab.cs.ui.ac.id/ppl-fasilkom-ui/2022/Kelas-B/OOP/majapahit-service/internal/checkup/service.go:19.56,21.16 2 1
gitlab.cs.ui.ac.id/ppl-fasilkom-ui/2022/Kelas-B/OOP/majapahit-service/internal/checkup/service.go:25.2,25.18 1 1
gitlab.cs.ui.ac.id/ppl-fasilkom-ui/2022/Kelas-B/OOP/majapahit-service/internal/checkup/service.go:21.16,23.3 1 1
gitlab.cs.ui.ac.id/ppl-fasilkom-ui/2022/Kelas-B/OOP/majapahit-service/api/router.go:19.105,26.2 1 1
gitlab.cs.ui.ac.id/ppl-fasilkom-ui/2022/Kelas-B/OOP/majapahit-service/api/router.go:29.25,45.2 8 1
gitlab.cs.ui.ac.id/ppl-fasilkom-ui/2022/Kelas-B/OOP/majapahit-service/api/server.go:21.43,25.2 1 1
gitlab.cs.ui.ac.id/ppl-fasilkom-ui/2022/Kelas-B/OOP/majapahit-service/api/server.go:41.24,63.2 12 1
gitlab.cs.ui.ac.id/ppl-fasilkom-ui/2022/Kelas-B/OOP/majapahit-service/api/server.go:66.40,67.68 1 1
gitlab.cs.ui.ac.id/ppl-fasilkom-ui/2022/Kelas-B/OOP/majapahit-service/api/server.go:67.68,69.3 1 1
gitlab.cs.ui.ac.id/ppl-fasilkom-ui/2022/Kelas-B/OOP/majapahit-service/internal/item/handler.go:19.43,23.2 1 1
gitlab.cs.ui.ac.id/ppl-fasilkom-ui/2022/Kelas-B/OOP/majapahit-service/internal/item/handler.go:26.67,34.16 7 1
gitlab.cs.ui.ac.id/ppl-fasilkom-ui/2022/Kelas-B/OOP/majapahit-service/internal/item/handler.go:38.2,39.16 2 1
gitlab.cs.ui.ac.id/ppl-fasilkom-ui/2022/Kelas-B/OOP/majapahit-service/internal/item/handler.go:47.2,48.16 2 1
gitlab.cs.ui.ac.id/ppl-fasilkom-ui/2022/Kelas-B/OOP/majapahit-service/internal/item/handler.go:56.2,56.25 1 1
gitlab.cs.ui.ac.id/ppl-fasilkom-ui/2022/Kelas-B/OOP/majapahit-service/internal/item/handler.go:64.2,72.16 8 1
gitlab.cs.ui.ac.id/ppl-fasilkom-ui/2022/Kelas-B/OOP/majapahit-service/internal/item/handler.go:89.2,97.4 1 1
gitlab.cs.ui.ac.id/ppl-fasilkom-ui/2022/Kelas-B/OOP/majapahit-service/internal/item/handler.go:34.16,36.3 1 1
gitlab.cs.ui.ac.id/ppl-fasilkom-ui/2022/Kelas-B/OOP/majapahit-service/internal/item/handler.go:39.16,40.24 1 1
gitlab.cs.ui.ac.id/ppl-fasilkom-ui/2022/Kelas-B/OOP/majapahit-service/internal/item/handler.go:40.24,42.4 1 1
gitlab.cs.ui.ac.id/ppl-fasilkom-ui/2022/Kelas-B/OOP/majapahit-service/internal/item/handler.go:42.9,44.4 1 1
gitlab.cs.ui.ac.id/ppl-fasilkom-ui/2022/Kelas-B/OOP/majapahit-service/internal/item/handler.go:48.16,49.23 1 1
gitlab.cs.ui.ac.id/ppl-fasilkom-ui/2022/Kelas-B/OOP/majapahit-service/internal/item/handler.go:49.23,51.4 1 1
gitlab.cs.ui.ac.id/ppl-fasilkom-ui/2022/Kelas-B/OOP/majapahit-service/internal/item/handler.go:51.9,53.4 1 1
gitlab.cs.ui.ac.id/ppl-fasilkom-ui/2022/Kelas-B/OOP/majapahit-service/internal/item/handler.go:56.25,62.3 1 1
gitlab.cs.ui.ac.id/ppl-fasilkom-ui/2022/Kelas-B/OOP/majapahit-service/internal/item/handler.go:72.16,73.51 1 1
gitlab.cs.ui.ac.id/ppl-fasilkom-ui/2022/Kelas-B/OOP/majapahit-service/internal/item/handler.go:82.3,86.5 2 1
gitlab.cs.ui.ac.id/ppl-fasilkom-ui/2022/Kelas-B/OOP/majapahit-service/internal/item/handler.go:73.51,80.4 2 1
gitlab.cs.ui.ac.id/ppl-fasilkom-ui/2022/Kelas-B/OOP/majapahit-service/internal/item/handler.go:101.53,107.16 5 1
gitlab.cs.ui.ac.id/ppl-fasilkom-ui/2022/Kelas-B/OOP/majapahit-service/internal/item/handler.go:111.2,112.16 2 1
gitlab.cs.ui.ac.id/ppl-fasilkom-ui/2022/Kelas-B/OOP/majapahit-service/internal/item/handler.go:116.2,116.25 1 1
gitlab.cs.ui.ac.id/ppl-fasilkom-ui/2022/Kelas-B/OOP/majapahit-service/internal/item/handler.go:124.2,125.16 2 1
gitlab.cs.ui.ac.id/ppl-fasilkom-ui/2022/Kelas-B/OOP/majapahit-service/internal/item/handler.go:133.2,139.4 1 1
gitlab.cs.ui.ac.id/ppl-fasilkom-ui/2022/Kelas-B/OOP/majapahit-service/internal/item/handler.go:107.16,109.3 1 1
gitlab.cs.ui.ac.id/ppl-fasilkom-ui/2022/Kelas-B/OOP/majapahit-service/internal/item/handler.go:112.16,114.3 1 1
gitlab.cs.ui.ac.id/ppl-fasilkom-ui/2022/Kelas-B/OOP/majapahit-service/internal/item/handler.go:116.25,122.3 1 1
gitlab.cs.ui.ac.id/ppl-fasilkom-ui/2022/Kelas-B/OOP/majapahit-service/internal/item/handler.go:125.16,131.3 2 1
gitlab.cs.ui.ac.id/ppl-fasilkom-ui/2022/Kelas-B/OOP/majapahit-service/internal/item/repo.go:12.32,16.2 1 1
gitlab.cs.ui.ac.id/ppl-fasilkom-ui/2022/Kelas-B/OOP/majapahit-service/internal/item/repo.go:28.84,41.23 11 1
gitlab.cs.ui.ac.id/ppl-fasilkom-ui/2022/Kelas-B/OOP/majapahit-service/internal/item/repo.go:47.2,51.16 4 1
gitlab.cs.ui.ac.id/ppl-fasilkom-ui/2022/Kelas-B/OOP/majapahit-service/internal/item/repo.go:61.2,62.16 2 1
gitlab.cs.ui.ac.id/ppl-fasilkom-ui/2022/Kelas-B/OOP/majapahit-service/internal/item/repo.go:72.2,74.16 3 1
gitlab.cs.ui.ac.id/ppl-fasilkom-ui/2022/Kelas-B/OOP/majapahit-service/internal/item/repo.go:84.2,84.23 1 1
gitlab.cs.ui.ac.id/ppl-fasilkom-ui/2022/Kelas-B/OOP/majapahit-service/internal/item/repo.go:41.23,45.3 3 1
gitlab.cs.ui.ac.id/ppl-fasilkom-ui/2022/Kelas-B/OOP/majapahit-service/internal/item/repo.go:51.16,52.27 1 1
gitlab.cs.ui.ac.id/ppl-fasilkom-ui/2022/Kelas-B/OOP/majapahit-service/internal/item/repo.go:58.3,58.63 1 1
gitlab.cs.ui.ac.id/ppl-fasilkom-ui/2022/Kelas-B/OOP/majapahit-service/internal/item/repo.go:52.27,57.4 4 1
gitlab.cs.ui.ac.id/ppl-fasilkom-ui/2022/Kelas-B/OOP/majapahit-service/internal/item/repo.go:62.16,63.27 1 1
gitlab.cs.ui.ac.id/ppl-fasilkom-ui/2022/Kelas-B/OOP/majapahit-service/internal/item/repo.go:69.3,69.63 1 1
gitlab.cs.ui.ac.id/ppl-fasilkom-ui/2022/Kelas-B/OOP/majapahit-service/internal/item/repo.go:63.27,68.4 4 1
gitlab.cs.ui.ac.id/ppl-fasilkom-ui/2022/Kelas-B/OOP/majapahit-service/internal/item/repo.go:74.16,75.27 1 1
gitlab.cs.ui.ac.id/ppl-fasilkom-ui/2022/Kelas-B/OOP/majapahit-service/internal/item/repo.go:81.3,81.63 1 1
gitlab.cs.ui.ac.id/ppl-fasilkom-ui/2022/Kelas-B/OOP/majapahit-service/internal/item/repo.go:75.27,80.4 4 1
gitlab.cs.ui.ac.id/ppl-fasilkom-ui/2022/Kelas-B/OOP/majapahit-service/internal/item/repo.go:87.67,94.16 5 1
gitlab.cs.ui.ac.id/ppl-fasilkom-ui/2022/Kelas-B/OOP/majapahit-service/internal/item/repo.go:102.2,102.19 1 1
gitlab.cs.ui.ac.id/ppl-fasilkom-ui/2022/Kelas-B/OOP/majapahit-service/internal/item/repo.go:94.16,95.27 1 1
gitlab.cs.ui.ac.id/ppl-fasilkom-ui/2022/Kelas-B/OOP/majapahit-service/internal/item/repo.go:99.3,99.63 1 1
gitlab.cs.ui.ac.id/ppl-fasilkom-ui/2022/Kelas-B/OOP/majapahit-service/internal/item/repo.go:95.27,98.4 2 1
gitlab.cs.ui.ac.id/ppl-fasilkom-ui/2022/Kelas-B/OOP/majapahit-service/internal/item/service.go:11.36,15.2 1 1
gitlab.cs.ui.ac.id/ppl-fasilkom-ui/2022/Kelas-B/OOP/majapahit-service/internal/item/service.go:27.105,30.22 2 1
gitlab.cs.ui.ac.id/ppl-fasilkom-ui/2022/Kelas-B/OOP/majapahit-service/internal/item/service.go:34.2,34.23 1 1
gitlab.cs.ui.ac.id/ppl-fasilkom-ui/2022/Kelas-B/OOP/majapahit-service/internal/item/service.go:38.2,38.34 1 1
gitlab.cs.ui.ac.id/ppl-fasilkom-ui/2022/Kelas-B/OOP/majapahit-service/internal/item/service.go:42.2,42.23 1 1
gitlab.cs.ui.ac.id/ppl-fasilkom-ui/2022/Kelas-B/OOP/majapahit-service/internal/item/service.go:46.2,46.24 1 1
gitlab.cs.ui.ac.id/ppl-fasilkom-ui/2022/Kelas-B/OOP/majapahit-service/internal/item/service.go:50.2,52.16 2 1
gitlab.cs.ui.ac.id/ppl-fasilkom-ui/2022/Kelas-B/OOP/majapahit-service/internal/item/service.go:56.2,57.35 2 1
gitlab.cs.ui.ac.id/ppl-fasilkom-ui/2022/Kelas-B/OOP/majapahit-service/internal/item/service.go:30.22,32.3 1 1
gitlab.cs.ui.ac.id/ppl-fasilkom-ui/2022/Kelas-B/OOP/majapahit-service/internal/item/service.go:34.23,36.3 1 1
gitlab.cs.ui.ac.id/ppl-fasilkom-ui/2022/Kelas-B/OOP/majapahit-service/internal/item/service.go:38.34,40.3 1 1
gitlab.cs.ui.ac.id/ppl-fasilkom-ui/2022/Kelas-B/OOP/majapahit-service/internal/item/service.go:42.23,44.3 1 1
gitlab.cs.ui.ac.id/ppl-fasilkom-ui/2022/Kelas-B/OOP/majapahit-service/internal/item/service.go:46.24,48.3 1 1
gitlab.cs.ui.ac.id/ppl-fasilkom-ui/2022/Kelas-B/OOP/majapahit-service/internal/item/service.go:52.16,54.3 1 1
gitlab.cs.ui.ac.id/ppl-fasilkom-ui/2022/Kelas-B/OOP/majapahit-service/internal/item/service.go:60.70,63.16 2 1
gitlab.cs.ui.ac.id/ppl-fasilkom-ui/2022/Kelas-B/OOP/majapahit-service/internal/item/service.go:67.2,67.18 1 1
gitlab.cs.ui.ac.id/ppl-fasilkom-ui/2022/Kelas-B/OOP/majapahit-service/internal/item/service.go:63.16,65.3 1 1
gitlab.cs.ui.ac.id/ppl-fasilkom-ui/2022/Kelas-B/OOP/majapahit-service/util/errors.go:6.48,11.2 3 1
gitlab.cs.ui.ac.id/ppl-fasilkom-ui/2022/Kelas-B/OOP/majapahit-service/util/pagination.go:21.78,23.20 2 1
gitlab.cs.ui.ac.id/ppl-fasilkom-ui/2022/Kelas-B/OOP/majapahit-service/util/pagination.go:27.2,35.24 2 1
gitlab.cs.ui.ac.id/ppl-fasilkom-ui/2022/Kelas-B/OOP/majapahit-service/util/pagination.go:51.2,51.19 1 1
gitlab.cs.ui.ac.id/ppl-fasilkom-ui/2022/Kelas-B/OOP/majapahit-service/util/pagination.go:23.20,25.3 1 1
gitlab.cs.ui.ac.id/ppl-fasilkom-ui/2022/Kelas-B/OOP/majapahit-service/util/pagination.go:35.24,36.16 1 1
gitlab.cs.ui.ac.id/ppl-fasilkom-ui/2022/Kelas-B/OOP/majapahit-service/util/pagination.go:36.16,39.4 2 1
gitlab.cs.ui.ac.id/ppl-fasilkom-ui/2022/Kelas-B/OOP/majapahit-service/util/pagination.go:39.9,39.31 1 1
gitlab.cs.ui.ac.id/ppl-fasilkom-ui/2022/Kelas-B/OOP/majapahit-service/util/pagination.go:39.31,42.4 2 1
gitlab.cs.ui.ac.id/ppl-fasilkom-ui/2022/Kelas-B/OOP/majapahit-service/util/pagination.go:42.9,45.4 2 1
gitlab.cs.ui.ac.id/ppl-fasilkom-ui/2022/Kelas-B/OOP/majapahit-service/util/pagination.go:46.8,49.3 2 1
gitlab.cs.ui.ac.id/ppl-fasilkom-ui/2022/Kelas-B/OOP/majapahit-service/util/pagination.go:54.69,56.2 1 1
gitlab.cs.ui.ac.id/ppl-fasilkom-ui/2022/Kelas-B/OOP/majapahit-service/internal/place/handler.go:19.43,23.2 1 1
gitlab.cs.ui.ac.id/ppl-fasilkom-ui/2022/Kelas-B/OOP/majapahit-service/internal/place/handler.go:26.51,31.16 4 1
gitlab.cs.ui.ac.id/ppl-fasilkom-ui/2022/Kelas-B/OOP/majapahit-service/internal/place/handler.go:35.2,35.25 1 1
gitlab.cs.ui.ac.id/ppl-fasilkom-ui/2022/Kelas-B/OOP/majapahit-service/internal/place/handler.go:43.2,44.16 2 1
gitlab.cs.ui.ac.id/ppl-fasilkom-ui/2022/Kelas-B/OOP/majapahit-service/internal/place/handler.go:61.2,65.4 1 1
gitlab.cs.ui.ac.id/ppl-fasilkom-ui/2022/Kelas-B/OOP/majapahit-service/internal/place/handler.go:31.16,33.3 1 1
gitlab.cs.ui.ac.id/ppl-fasilkom-ui/2022/Kelas-B/OOP/majapahit-service/internal/place/handler.go:35.25,41.3 1 1
gitlab.cs.ui.ac.id/ppl-fasilkom-ui/2022/Kelas-B/OOP/majapahit-service/internal/place/handler.go:44.16,45.51 1 1
gitlab.cs.ui.ac.id/ppl-fasilkom-ui/2022/Kelas-B/OOP/majapahit-service/internal/place/handler.go:54.3,58.5 2 1
gitlab.cs.ui.ac.id/ppl-fasilkom-ui/2022/Kelas-B/OOP/majapahit-service/internal/place/handler.go:45.51,52.4 2 1
gitlab.cs.ui.ac.id/ppl-fasilkom-ui/2022/Kelas-B/OOP/majapahit-service/internal/place/handler.go:69.69,75.16 5 1
gitlab.cs.ui.ac.id/ppl-fasilkom-ui/2022/Kelas-B/OOP/majapahit-service/internal/place/handler.go:83.2,84.16 2 1
gitlab.cs.ui.ac.id/ppl-fasilkom-ui/2022/Kelas-B/OOP/majapahit-service/internal/place/handler.go:92.2,92.25 1 1
gitlab.cs.ui.ac.id/ppl-fasilkom-ui/2022/Kelas-B/OOP/majapahit-service/internal/place/handler.go:100.2,106.16 6 1
gitlab.cs.ui.ac.id/ppl-fasilkom-ui/2022/Kelas-B/OOP/majapahit-service/internal/place/handler.go:123.2,130.4 1 1
gitlab.cs.ui.ac.id/ppl-fasilkom-ui/2022/Kelas-B/OOP/majapahit-service/internal/place/handler.go:75.16,76.24 1 1
gitlab.cs.ui.ac.id/ppl-fasilkom-ui/2022/Kelas-B/OOP/majapahit-service/internal/place/handler.go:76.24,78.4 1 1
gitlab.cs.ui.ac.id/ppl-fasilkom-ui/2022/Kelas-B/OOP/majapahit-service/internal/place/handler.go:78.9,80.4 1 1
gitlab.cs.ui.ac.id/ppl-fasilkom-ui/2022/Kelas-B/OOP/majapahit-service/internal/place/handler.go:84.16,85.23 1 1
gitlab.cs.ui.ac.id/ppl-fasilkom-ui/2022/Kelas-B/OOP/majapahit-service/internal/place/handler.go:85.23,87.4 1 1
gitlab.cs.ui.ac.id/ppl-fasilkom-ui/2022/Kelas-B/OOP/majapahit-service/internal/place/handler.go:87.9,89.4 1 1
gitlab.cs.ui.ac.id/ppl-fasilkom-ui/2022/Kelas-B/OOP/majapahit-service/internal/place/handler.go:92.25,98.3 1 1
gitlab.cs.ui.ac.id/ppl-fasilkom-ui/2022/Kelas-B/OOP/majapahit-service/internal/place/handler.go:106.16,107.51 1 1
gitlab.cs.ui.ac.id/ppl-fasilkom-ui/2022/Kelas-B/OOP/majapahit-service/internal/place/handler.go:116.3,120.5 2 1
gitlab.cs.ui.ac.id/ppl-fasilkom-ui/2022/Kelas-B/OOP/majapahit-service/internal/place/handler.go:107.51,114.4 2 1
gitlab.cs.ui.ac.id/ppl-fasilkom-ui/2022/Kelas-B/OOP/majapahit-service/internal/place/repo.go:25.32,29.2 1 1
gitlab.cs.ui.ac.id/ppl-fasilkom-ui/2022/Kelas-B/OOP/majapahit-service/internal/place/repo.go:31.56,36.16 4 1
gitlab.cs.ui.ac.id/ppl-fasilkom-ui/2022/Kelas-B/OOP/majapahit-service/internal/place/repo.go:40.2,40.21 1 1
gitlab.cs.ui.ac.id/ppl-fasilkom-ui/2022/Kelas-B/OOP/majapahit-service/internal/place/repo.go:36.16,38.3 1 1
gitlab.cs.ui.ac.id/ppl-fasilkom-ui/2022/Kelas-B/OOP/majapahit-service/internal/place/repo.go:43.90,49.16 5 1
gitlab.cs.ui.ac.id/ppl-fasilkom-ui/2022/Kelas-B/OOP/majapahit-service/internal/place/repo.go:53.2,57.16 4 1
gitlab.cs.ui.ac.id/ppl-fasilkom-ui/2022/Kelas-B/OOP/majapahit-service/internal/place/repo.go:61.2,62.29 2 1
gitlab.cs.ui.ac.id/ppl-fasilkom-ui/2022/Kelas-B/OOP/majapahit-service/internal/place/repo.go:65.2,70.16 5 1
gitlab.cs.ui.ac.id/ppl-fasilkom-ui/2022/Kelas-B/OOP/majapahit-service/internal/place/repo.go:74.2,74.21 1 1
gitlab.cs.ui.ac.id/ppl-fasilkom-ui/2022/Kelas-B/OOP/majapahit-service/internal/place/repo.go:49.16,51.3 1 1
gitlab.cs.ui.ac.id/ppl-fasilkom-ui/2022/Kelas-B/OOP/majapahit-service/internal/place/repo.go:57.16,59.3 1 1
gitlab.cs.ui.ac.id/ppl-fasilkom-ui/2022/Kelas-B/OOP/majapahit-service/internal/place/repo.go:62.29,64.3 1 1
gitlab.cs.ui.ac.id/ppl-fasilkom-ui/2022/Kelas-B/OOP/majapahit-service/internal/place/repo.go:70.16,72.3 1 1
gitlab.cs.ui.ac.id/ppl-fasilkom-ui/2022/Kelas-B/OOP/majapahit-service/internal/place/repo.go:78.90,85.16 6 1
gitlab.cs.ui.ac.id/ppl-fasilkom-ui/2022/Kelas-B/OOP/majapahit-service/internal/place/repo.go:94.2,96.16 3 1
gitlab.cs.ui.ac.id/ppl-fasilkom-ui/2022/Kelas-B/OOP/majapahit-service/internal/place/repo.go:105.2,105.24 1 1
gitlab.cs.ui.ac.id/ppl-fasilkom-ui/2022/Kelas-B/OOP/majapahit-service/internal/place/repo.go:85.16,86.27 1 1
gitlab.cs.ui.ac.id/ppl-fasilkom-ui/2022/Kelas-B/OOP/majapahit-service/internal/place/repo.go:91.3,91.63 1 1
gitlab.cs.ui.ac.id/ppl-fasilkom-ui/2022/Kelas-B/OOP/majapahit-service/internal/place/repo.go:86.27,90.4 3 1
gitlab.cs.ui.ac.id/ppl-fasilkom-ui/2022/Kelas-B/OOP/majapahit-service/internal/place/repo.go:96.16,97.27 1 1
gitlab.cs.ui.ac.id/ppl-fasilkom-ui/2022/Kelas-B/OOP/majapahit-service/internal/place/repo.go:102.3,102.63 1 1
gitlab.cs.ui.ac.id/ppl-fasilkom-ui/2022/Kelas-B/OOP/majapahit-service/internal/place/repo.go:97.27,101.4 3 1
gitlab.cs.ui.ac.id/ppl-fasilkom-ui/2022/Kelas-B/OOP/majapahit-service/internal/place/repo.go:109.103,114.16 4 1
gitlab.cs.ui.ac.id/ppl-fasilkom-ui/2022/Kelas-B/OOP/majapahit-service/internal/place/repo.go:118.2,118.21 1 1
gitlab.cs.ui.ac.id/ppl-fasilkom-ui/2022/Kelas-B/OOP/majapahit-service/internal/place/repo.go:114.16,116.3 1 1
gitlab.cs.ui.ac.id/ppl-fasilkom-ui/2022/Kelas-B/OOP/majapahit-service/internal/place/service.go:21.36,24.2 1 1
gitlab.cs.ui.ac.id/ppl-fasilkom-ui/2022/Kelas-B/OOP/majapahit-service/internal/place/service.go:26.59,29.18 2 1
gitlab.cs.ui.ac.id/ppl-fasilkom-ui/2022/Kelas-B/OOP/majapahit-service/internal/place/service.go:33.2,33.24 1 1
gitlab.cs.ui.ac.id/ppl-fasilkom-ui/2022/Kelas-B/OOP/majapahit-service/internal/place/service.go:37.2,38.16 2 1
gitlab.cs.ui.ac.id/ppl-fasilkom-ui/2022/Kelas-B/OOP/majapahit-service/internal/place/service.go:42.2,43.16 2 1
gitlab.cs.ui.ac.id/ppl-fasilkom-ui/2022/Kelas-B/OOP/majapahit-service/internal/place/service.go:47.2,51.49 4 1
gitlab.cs.ui.ac.id/ppl-fasilkom-ui/2022/Kelas-B/OOP/majapahit-service/internal/place/service.go:57.2,57.25 1 1
gitlab.cs.ui.ac.id/ppl-fasilkom-ui/2022/Kelas-B/OOP/majapahit-service/internal/place/service.go:29.18,31.3 1 1
gitlab.cs.ui.ac.id/ppl-fasilkom-ui/2022/Kelas-B/OOP/majapahit-service/internal/place/service.go:33.24,35.3 1 1
gitlab.cs.ui.ac.id/ppl-fasilkom-ui/2022/Kelas-B/OOP/majapahit-service/internal/place/service.go:38.16,40.3 1 1
gitlab.cs.ui.ac.id/ppl-fasilkom-ui/2022/Kelas-B/OOP/majapahit-service/internal/place/service.go:43.16,45.3 1 1
gitlab.cs.ui.ac.id/ppl-fasilkom-ui/2022/Kelas-B/OOP/majapahit-service/internal/place/service.go:51.49,55.3 3 1
gitlab.cs.ui.ac.id/ppl-fasilkom-ui/2022/Kelas-B/OOP/majapahit-service/internal/place/service.go:60.110,63.22 2 1
gitlab.cs.ui.ac.id/ppl-fasilkom-ui/2022/Kelas-B/OOP/majapahit-service/internal/place/service.go:67.2,67.23 1 1
gitlab.cs.ui.ac.id/ppl-fasilkom-ui/2022/Kelas-B/OOP/majapahit-service/internal/place/service.go:71.2,71.34 1 1
gitlab.cs.ui.ac.id/ppl-fasilkom-ui/2022/Kelas-B/OOP/majapahit-service/internal/place/service.go:75.2,75.23 1 1
gitlab.cs.ui.ac.id/ppl-fasilkom-ui/2022/Kelas-B/OOP/majapahit-service/internal/place/service.go:79.2,79.24 1 1
gitlab.cs.ui.ac.id/ppl-fasilkom-ui/2022/Kelas-B/OOP/majapahit-service/internal/place/service.go:83.2,84.16 2 1
gitlab.cs.ui.ac.id/ppl-fasilkom-ui/2022/Kelas-B/OOP/majapahit-service/internal/place/service.go:88.2,88.34 1 1
gitlab.cs.ui.ac.id/ppl-fasilkom-ui/2022/Kelas-B/OOP/majapahit-service/internal/place/service.go:98.2,100.36 2 1
gitlab.cs.ui.ac.id/ppl-fasilkom-ui/2022/Kelas-B/OOP/majapahit-service/internal/place/service.go:63.22,65.3 1 1
gitlab.cs.ui.ac.id/ppl-fasilkom-ui/2022/Kelas-B/OOP/majapahit-service/internal/place/service.go:67.23,69.3 1 1
gitlab.cs.ui.ac.id/ppl-fasilkom-ui/2022/Kelas-B/OOP/majapahit-service/internal/place/service.go:71.34,73.3 1 1
gitlab.cs.ui.ac.id/ppl-fasilkom-ui/2022/Kelas-B/OOP/majapahit-service/internal/place/service.go:75.23,77.3 1 1
gitlab.cs.ui.ac.id/ppl-fasilkom-ui/2022/Kelas-B/OOP/majapahit-service/internal/place/service.go:79.24,81.3 1 1
gitlab.cs.ui.ac.id/ppl-fasilkom-ui/2022/Kelas-B/OOP/majapahit-service/internal/place/service.go:84.16,86.3 1 1
gitlab.cs.ui.ac.id/ppl-fasilkom-ui/2022/Kelas-B/OOP/majapahit-service/internal/place/service.go:88.34,90.23 2 1
gitlab.cs.ui.ac.id/ppl-fasilkom-ui/2022/Kelas-B/OOP/majapahit-service/internal/place/service.go:94.3,95.78 2 1
gitlab.cs.ui.ac.id/ppl-fasilkom-ui/2022/Kelas-B/OOP/majapahit-service/internal/place/service.go:90.23,92.4 1 1
