mode: set
gitlab.cs.ui.ac.id/ppl-fasilkom-ui/2022/Kelas-B/OOP/majapahit-service/database/postgres/postgres.go:14.22,16.38 2 1
gitlab.cs.ui.ac.id/ppl-fasilkom-ui/2022/Kelas-B/OOP/majapahit-service/database/postgres/postgres.go:20.2,21.16 2 1
gitlab.cs.ui.ac.id/ppl-fasilkom-ui/2022/Kelas-B/OOP/majapahit-service/database/postgres/postgres.go:26.2,27.11 2 1
gitlab.cs.ui.ac.id/ppl-fasilkom-ui/2022/Kelas-B/OOP/majapahit-service/database/postgres/postgres.go:16.38,18.3 1 1
gitlab.cs.ui.ac.id/ppl-fasilkom-ui/2022/Kelas-B/OOP/majapahit-service/database/postgres/postgres.go:21.16,24.3 2 1
gitlab.cs.ui.ac.id/ppl-fasilkom-ui/2022/Kelas-B/OOP/majapahit-service/api/server.go:32.43,36.2 1 1
gitlab.cs.ui.ac.id/ppl-fasilkom-ui/2022/Kelas-B/OOP/majapahit-service/api/server.go:73.24,126.2 32 1
gitlab.cs.ui.ac.id/ppl-fasilkom-ui/2022/Kelas-B/OOP/majapahit-service/api/server.go:129.40,130.68 1 1
gitlab.cs.ui.ac.id/ppl-fasilkom-ui/2022/Kelas-B/OOP/majapahit-service/api/server.go:130.68,132.3 1 1
gitlab.cs.ui.ac.id/ppl-fasilkom-ui/2022/Kelas-B/OOP/majapahit-service/api/router.go:29.332,41.2 1 1
gitlab.cs.ui.ac.id/ppl-fasilkom-ui/2022/Kelas-B/OOP/majapahit-service/api/router.go:44.25,50.2 3 1
gitlab.cs.ui.ac.id/ppl-fasilkom-ui/2022/Kelas-B/OOP/majapahit-service/api/router.go:50.2,55.3 4 1
gitlab.cs.ui.ac.id/ppl-fasilkom-ui/2022/Kelas-B/OOP/majapahit-service/api/router.go:65.3,67.3 3 1
gitlab.cs.ui.ac.id/ppl-fasilkom-ui/2022/Kelas-B/OOP/majapahit-service/api/router.go:84.3,85.3 2 1
gitlab.cs.ui.ac.id/ppl-fasilkom-ui/2022/Kelas-B/OOP/majapahit-service/api/router.go:95.3,96.3 2 1
gitlab.cs.ui.ac.id/ppl-fasilkom-ui/2022/Kelas-B/OOP/majapahit-service/api/router.go:105.3,106.3 2 1
gitlab.cs.ui.ac.id/ppl-fasilkom-ui/2022/Kelas-B/OOP/majapahit-service/api/router.go:55.3,62.4 4 1
gitlab.cs.ui.ac.id/ppl-fasilkom-ui/2022/Kelas-B/OOP/majapahit-service/api/router.go:67.3,81.4 9 1
gitlab.cs.ui.ac.id/ppl-fasilkom-ui/2022/Kelas-B/OOP/majapahit-service/api/router.go:85.3,92.4 5 1
gitlab.cs.ui.ac.id/ppl-fasilkom-ui/2022/Kelas-B/OOP/majapahit-service/api/router.go:96.3,102.4 5 1
gitlab.cs.ui.ac.id/ppl-fasilkom-ui/2022/Kelas-B/OOP/majapahit-service/api/router.go:106.3,108.4 2 1
gitlab.cs.ui.ac.id/ppl-fasilkom-ui/2022/Kelas-B/OOP/majapahit-service/api/router.go:108.4,110.5 1 1
gitlab.cs.ui.ac.id/ppl-fasilkom-ui/2022/Kelas-B/OOP/majapahit-service/internal/auth/handler.go:18.43,22.2 1 1
gitlab.cs.ui.ac.id/ppl-fasilkom-ui/2022/Kelas-B/OOP/majapahit-service/internal/auth/handler.go:25.58,27.52 2 1
gitlab.cs.ui.ac.id/ppl-fasilkom-ui/2022/Kelas-B/OOP/majapahit-service/internal/auth/handler.go:31.2,32.37 2 1
gitlab.cs.ui.ac.id/ppl-fasilkom-ui/2022/Kelas-B/OOP/majapahit-service/internal/auth/handler.go:36.2,37.16 2 1
gitlab.cs.ui.ac.id/ppl-fasilkom-ui/2022/Kelas-B/OOP/majapahit-service/internal/auth/handler.go:41.2,41.27 1 1
gitlab.cs.ui.ac.id/ppl-fasilkom-ui/2022/Kelas-B/OOP/majapahit-service/internal/auth/handler.go:51.2,52.16 2 1
gitlab.cs.ui.ac.id/ppl-fasilkom-ui/2022/Kelas-B/OOP/majapahit-service/internal/auth/handler.go:59.2,65.4 1 1
gitlab.cs.ui.ac.id/ppl-fasilkom-ui/2022/Kelas-B/OOP/majapahit-service/internal/auth/handler.go:27.52,29.3 1 1
gitlab.cs.ui.ac.id/ppl-fasilkom-ui/2022/Kelas-B/OOP/majapahit-service/internal/auth/handler.go:32.37,34.3 1 1
gitlab.cs.ui.ac.id/ppl-fasilkom-ui/2022/Kelas-B/OOP/majapahit-service/internal/auth/handler.go:37.16,39.3 1 1
gitlab.cs.ui.ac.id/ppl-fasilkom-ui/2022/Kelas-B/OOP/majapahit-service/internal/auth/handler.go:41.27,42.12 1 1
gitlab.cs.ui.ac.id/ppl-fasilkom-ui/2022/Kelas-B/OOP/majapahit-service/internal/auth/handler.go:42.12,44.4 1 1
gitlab.cs.ui.ac.id/ppl-fasilkom-ui/2022/Kelas-B/OOP/majapahit-service/internal/auth/handler.go:45.8,45.31 1 1
gitlab.cs.ui.ac.id/ppl-fasilkom-ui/2022/Kelas-B/OOP/majapahit-service/internal/auth/handler.go:45.31,46.13 1 1
gitlab.cs.ui.ac.id/ppl-fasilkom-ui/2022/Kelas-B/OOP/majapahit-service/internal/auth/handler.go:46.13,48.4 1 1
gitlab.cs.ui.ac.id/ppl-fasilkom-ui/2022/Kelas-B/OOP/majapahit-service/internal/auth/handler.go:52.16,53.46 1 1
gitlab.cs.ui.ac.id/ppl-fasilkom-ui/2022/Kelas-B/OOP/majapahit-service/internal/auth/handler.go:56.3,56.75 1 1
gitlab.cs.ui.ac.id/ppl-fasilkom-ui/2022/Kelas-B/OOP/majapahit-service/internal/auth/handler.go:53.46,55.4 1 1
gitlab.cs.ui.ac.id/ppl-fasilkom-ui/2022/Kelas-B/OOP/majapahit-service/internal/auth/handler.go:69.51,71.37 2 1
gitlab.cs.ui.ac.id/ppl-fasilkom-ui/2022/Kelas-B/OOP/majapahit-service/internal/auth/handler.go:75.2,76.16 2 1
gitlab.cs.ui.ac.id/ppl-fasilkom-ui/2022/Kelas-B/OOP/majapahit-service/internal/auth/handler.go:83.2,87.4 1 1
gitlab.cs.ui.ac.id/ppl-fasilkom-ui/2022/Kelas-B/OOP/majapahit-service/internal/auth/handler.go:71.37,73.3 1 1
gitlab.cs.ui.ac.id/ppl-fasilkom-ui/2022/Kelas-B/OOP/majapahit-service/internal/auth/handler.go:76.16,77.46 1 1
gitlab.cs.ui.ac.id/ppl-fasilkom-ui/2022/Kelas-B/OOP/majapahit-service/internal/auth/handler.go:80.3,80.75 1 1
gitlab.cs.ui.ac.id/ppl-fasilkom-ui/2022/Kelas-B/OOP/majapahit-service/internal/auth/handler.go:77.46,79.4 1 1
gitlab.cs.ui.ac.id/ppl-fasilkom-ui/2022/Kelas-B/OOP/majapahit-service/internal/auth/handler.go:91.50,93.16 2 1
gitlab.cs.ui.ac.id/ppl-fasilkom-ui/2022/Kelas-B/OOP/majapahit-service/internal/auth/handler.go:99.2,100.37 2 1
gitlab.cs.ui.ac.id/ppl-fasilkom-ui/2022/Kelas-B/OOP/majapahit-service/internal/auth/handler.go:104.2,109.16 2 1
gitlab.cs.ui.ac.id/ppl-fasilkom-ui/2022/Kelas-B/OOP/majapahit-service/internal/auth/handler.go:117.2,121.4 1 1
gitlab.cs.ui.ac.id/ppl-fasilkom-ui/2022/Kelas-B/OOP/majapahit-service/internal/auth/handler.go:93.16,94.51 1 1
gitlab.cs.ui.ac.id/ppl-fasilkom-ui/2022/Kelas-B/OOP/majapahit-service/internal/auth/handler.go:94.51,96.4 1 1
gitlab.cs.ui.ac.id/ppl-fasilkom-ui/2022/Kelas-B/OOP/majapahit-service/internal/auth/handler.go:100.37,102.3 1 1
gitlab.cs.ui.ac.id/ppl-fasilkom-ui/2022/Kelas-B/OOP/majapahit-service/internal/auth/handler.go:109.16,110.46 1 1
gitlab.cs.ui.ac.id/ppl-fasilkom-ui/2022/Kelas-B/OOP/majapahit-service/internal/auth/handler.go:113.3,114.75 2 1
gitlab.cs.ui.ac.id/ppl-fasilkom-ui/2022/Kelas-B/OOP/majapahit-service/internal/auth/handler.go:110.46,112.4 1 1
gitlab.cs.ui.ac.id/ppl-fasilkom-ui/2022/Kelas-B/OOP/majapahit-service/internal/auth/repo.go:11.32,15.2 1 1
gitlab.cs.ui.ac.id/ppl-fasilkom-ui/2022/Kelas-B/OOP/majapahit-service/internal/auth/repo.go:28.66,31.13 3 1
gitlab.cs.ui.ac.id/ppl-fasilkom-ui/2022/Kelas-B/OOP/majapahit-service/internal/auth/repo.go:37.2,37.59 1 1
gitlab.cs.ui.ac.id/ppl-fasilkom-ui/2022/Kelas-B/OOP/majapahit-service/internal/auth/repo.go:32.11,33.19 1 1
gitlab.cs.ui.ac.id/ppl-fasilkom-ui/2022/Kelas-B/OOP/majapahit-service/internal/auth/repo.go:34.21,35.20 1 1
gitlab.cs.ui.ac.id/ppl-fasilkom-ui/2022/Kelas-B/OOP/majapahit-service/internal/auth/repo.go:40.68,43.25 2 1
gitlab.cs.ui.ac.id/ppl-fasilkom-ui/2022/Kelas-B/OOP/majapahit-service/internal/auth/repo.go:51.2,64.16 5 1
gitlab.cs.ui.ac.id/ppl-fasilkom-ui/2022/Kelas-B/OOP/majapahit-service/internal/auth/repo.go:69.2,70.25 2 1
gitlab.cs.ui.ac.id/ppl-fasilkom-ui/2022/Kelas-B/OOP/majapahit-service/internal/auth/repo.go:80.2,89.114 3 1
gitlab.cs.ui.ac.id/ppl-fasilkom-ui/2022/Kelas-B/OOP/majapahit-service/internal/auth/repo.go:93.2,101.8 1 1
gitlab.cs.ui.ac.id/ppl-fasilkom-ui/2022/Kelas-B/OOP/majapahit-service/internal/auth/repo.go:44.18,45.31 1 1
gitlab.cs.ui.ac.id/ppl-fasilkom-ui/2022/Kelas-B/OOP/majapahit-service/internal/auth/repo.go:46.24,47.36 1 1
gitlab.cs.ui.ac.id/ppl-fasilkom-ui/2022/Kelas-B/OOP/majapahit-service/internal/auth/repo.go:64.16,66.3 1 1
gitlab.cs.ui.ac.id/ppl-fasilkom-ui/2022/Kelas-B/OOP/majapahit-service/internal/auth/repo.go:71.19,72.32 1 1
gitlab.cs.ui.ac.id/ppl-fasilkom-ui/2022/Kelas-B/OOP/majapahit-service/internal/auth/repo.go:73.14,74.27 1 1
gitlab.cs.ui.ac.id/ppl-fasilkom-ui/2022/Kelas-B/OOP/majapahit-service/internal/auth/repo.go:75.16,76.29 1 1
gitlab.cs.ui.ac.id/ppl-fasilkom-ui/2022/Kelas-B/OOP/majapahit-service/internal/auth/repo.go:89.114,91.3 1 1
gitlab.cs.ui.ac.id/ppl-fasilkom-ui/2022/Kelas-B/OOP/majapahit-service/internal/auth/repo.go:104.79,107.65 3 1
gitlab.cs.ui.ac.id/ppl-fasilkom-ui/2022/Kelas-B/OOP/majapahit-service/internal/auth/repo.go:111.2,113.70 3 1
gitlab.cs.ui.ac.id/ppl-fasilkom-ui/2022/Kelas-B/OOP/majapahit-service/internal/auth/repo.go:117.2,118.30 2 1
gitlab.cs.ui.ac.id/ppl-fasilkom-ui/2022/Kelas-B/OOP/majapahit-service/internal/auth/repo.go:127.2,128.26 2 1
gitlab.cs.ui.ac.id/ppl-fasilkom-ui/2022/Kelas-B/OOP/majapahit-service/internal/auth/repo.go:135.2,142.8 1 1
gitlab.cs.ui.ac.id/ppl-fasilkom-ui/2022/Kelas-B/OOP/majapahit-service/internal/auth/repo.go:107.65,109.3 1 1
gitlab.cs.ui.ac.id/ppl-fasilkom-ui/2022/Kelas-B/OOP/majapahit-service/internal/auth/repo.go:113.70,115.3 1 1
gitlab.cs.ui.ac.id/ppl-fasilkom-ui/2022/Kelas-B/OOP/majapahit-service/internal/auth/repo.go:119.28,120.23 1 1
gitlab.cs.ui.ac.id/ppl-fasilkom-ui/2022/Kelas-B/OOP/majapahit-service/internal/auth/repo.go:121.23,122.18 1 1
gitlab.cs.ui.ac.id/ppl-fasilkom-ui/2022/Kelas-B/OOP/majapahit-service/internal/auth/repo.go:123.25,124.20 1 1
gitlab.cs.ui.ac.id/ppl-fasilkom-ui/2022/Kelas-B/OOP/majapahit-service/internal/auth/repo.go:129.27,130.22 1 1
gitlab.cs.ui.ac.id/ppl-fasilkom-ui/2022/Kelas-B/OOP/majapahit-service/internal/auth/repo.go:131.32,132.28 1 1
gitlab.cs.ui.ac.id/ppl-fasilkom-ui/2022/Kelas-B/OOP/majapahit-service/internal/auth/service.go:18.72,23.2 1 1
gitlab.cs.ui.ac.id/ppl-fasilkom-ui/2022/Kelas-B/OOP/majapahit-service/internal/auth/service.go:34.69,36.34 2 1
gitlab.cs.ui.ac.id/ppl-fasilkom-ui/2022/Kelas-B/OOP/majapahit-service/internal/auth/service.go:42.2,42.24 1 1
gitlab.cs.ui.ac.id/ppl-fasilkom-ui/2022/Kelas-B/OOP/majapahit-service/internal/auth/service.go:46.2,47.16 2 1
gitlab.cs.ui.ac.id/ppl-fasilkom-ui/2022/Kelas-B/OOP/majapahit-service/internal/auth/service.go:51.2,51.19 1 1
gitlab.cs.ui.ac.id/ppl-fasilkom-ui/2022/Kelas-B/OOP/majapahit-service/internal/auth/service.go:36.34,37.29 1 1
gitlab.cs.ui.ac.id/ppl-fasilkom-ui/2022/Kelas-B/OOP/majapahit-service/internal/auth/service.go:37.29,39.4 1 1
gitlab.cs.ui.ac.id/ppl-fasilkom-ui/2022/Kelas-B/OOP/majapahit-service/internal/auth/service.go:42.24,44.3 1 1
gitlab.cs.ui.ac.id/ppl-fasilkom-ui/2022/Kelas-B/OOP/majapahit-service/internal/auth/service.go:47.16,49.3 1 1
gitlab.cs.ui.ac.id/ppl-fasilkom-ui/2022/Kelas-B/OOP/majapahit-service/internal/auth/service.go:54.78,57.23 2 1
gitlab.cs.ui.ac.id/ppl-fasilkom-ui/2022/Kelas-B/OOP/majapahit-service/internal/auth/service.go:61.2,61.26 1 1
gitlab.cs.ui.ac.id/ppl-fasilkom-ui/2022/Kelas-B/OOP/majapahit-service/internal/auth/service.go:65.2,65.24 1 1
gitlab.cs.ui.ac.id/ppl-fasilkom-ui/2022/Kelas-B/OOP/majapahit-service/internal/auth/service.go:69.2,75.16 3 1
gitlab.cs.ui.ac.id/ppl-fasilkom-ui/2022/Kelas-B/OOP/majapahit-service/internal/auth/service.go:82.2,82.30 1 1
gitlab.cs.ui.ac.id/ppl-fasilkom-ui/2022/Kelas-B/OOP/majapahit-service/internal/auth/service.go:57.23,59.3 1 1
gitlab.cs.ui.ac.id/ppl-fasilkom-ui/2022/Kelas-B/OOP/majapahit-service/internal/auth/service.go:61.26,63.3 1 1
gitlab.cs.ui.ac.id/ppl-fasilkom-ui/2022/Kelas-B/OOP/majapahit-service/internal/auth/service.go:65.24,67.3 1 1
gitlab.cs.ui.ac.id/ppl-fasilkom-ui/2022/Kelas-B/OOP/majapahit-service/internal/auth/service.go:75.16,76.59 1 1
gitlab.cs.ui.ac.id/ppl-fasilkom-ui/2022/Kelas-B/OOP/majapahit-service/internal/auth/service.go:79.3,79.17 1 1
gitlab.cs.ui.ac.id/ppl-fasilkom-ui/2022/Kelas-B/OOP/majapahit-service/internal/auth/service.go:76.59,78.4 1 1
gitlab.cs.ui.ac.id/ppl-fasilkom-ui/2022/Kelas-B/OOP/majapahit-service/internal/auth/service.go:85.79,88.23 2 1
gitlab.cs.ui.ac.id/ppl-fasilkom-ui/2022/Kelas-B/OOP/majapahit-service/internal/auth/service.go:92.2,92.15 1 1
gitlab.cs.ui.ac.id/ppl-fasilkom-ui/2022/Kelas-B/OOP/majapahit-service/internal/auth/service.go:96.2,96.24 1 1
gitlab.cs.ui.ac.id/ppl-fasilkom-ui/2022/Kelas-B/OOP/majapahit-service/internal/auth/service.go:100.2,106.16 3 1
gitlab.cs.ui.ac.id/ppl-fasilkom-ui/2022/Kelas-B/OOP/majapahit-service/internal/auth/service.go:113.2,122.21 2 1
gitlab.cs.ui.ac.id/ppl-fasilkom-ui/2022/Kelas-B/OOP/majapahit-service/internal/auth/service.go:88.23,90.3 1 1
gitlab.cs.ui.ac.id/ppl-fasilkom-ui/2022/Kelas-B/OOP/majapahit-service/internal/auth/service.go:92.15,94.3 1 1
gitlab.cs.ui.ac.id/ppl-fasilkom-ui/2022/Kelas-B/OOP/majapahit-service/internal/auth/service.go:96.24,98.3 1 1
gitlab.cs.ui.ac.id/ppl-fasilkom-ui/2022/Kelas-B/OOP/majapahit-service/internal/auth/service.go:106.16,107.59 1 1
gitlab.cs.ui.ac.id/ppl-fasilkom-ui/2022/Kelas-B/OOP/majapahit-service/internal/auth/service.go:110.3,110.18 1 1
gitlab.cs.ui.ac.id/ppl-fasilkom-ui/2022/Kelas-B/OOP/majapahit-service/internal/auth/service.go:107.59,109.4 1 1
gitlab.cs.ui.ac.id/ppl-fasilkom-ui/2022/Kelas-B/OOP/majapahit-service/internal/auth/service.go:125.65,128.25 2 1
gitlab.cs.ui.ac.id/ppl-fasilkom-ui/2022/Kelas-B/OOP/majapahit-service/internal/auth/service.go:132.2,132.62 1 1
gitlab.cs.ui.ac.id/ppl-fasilkom-ui/2022/Kelas-B/OOP/majapahit-service/internal/auth/service.go:136.2,136.24 1 1
gitlab.cs.ui.ac.id/ppl-fasilkom-ui/2022/Kelas-B/OOP/majapahit-service/internal/auth/service.go:140.2,148.16 2 1
gitlab.cs.ui.ac.id/ppl-fasilkom-ui/2022/Kelas-B/OOP/majapahit-service/internal/auth/service.go:152.2,152.29 1 1
gitlab.cs.ui.ac.id/ppl-fasilkom-ui/2022/Kelas-B/OOP/majapahit-service/internal/auth/service.go:128.25,130.3 1 1
gitlab.cs.ui.ac.id/ppl-fasilkom-ui/2022/Kelas-B/OOP/majapahit-service/internal/auth/service.go:132.62,134.3 1 1
gitlab.cs.ui.ac.id/ppl-fasilkom-ui/2022/Kelas-B/OOP/majapahit-service/internal/auth/service.go:136.24,138.3 1 1
gitlab.cs.ui.ac.id/ppl-fasilkom-ui/2022/Kelas-B/OOP/majapahit-service/internal/auth/service.go:148.16,150.3 1 1
gitlab.cs.ui.ac.id/ppl-fasilkom-ui/2022/Kelas-B/OOP/majapahit-service/internal/auth/service.go:155.82,156.34 1 1
gitlab.cs.ui.ac.id/ppl-fasilkom-ui/2022/Kelas-B/OOP/majapahit-service/internal/auth/service.go:162.2,162.53 1 1
gitlab.cs.ui.ac.id/ppl-fasilkom-ui/2022/Kelas-B/OOP/majapahit-service/internal/auth/service.go:156.34,157.29 1 1
gitlab.cs.ui.ac.id/ppl-fasilkom-ui/2022/Kelas-B/OOP/majapahit-service/internal/auth/service.go:157.29,159.4 1 1
gitlab.cs.ui.ac.id/ppl-fasilkom-ui/2022/Kelas-B/OOP/majapahit-service/internal/booking/handler.go:20.43,22.2 1 1
gitlab.cs.ui.ac.id/ppl-fasilkom-ui/2022/Kelas-B/OOP/majapahit-service/internal/booking/handler.go:25.78,32.16 6 1
gitlab.cs.ui.ac.id/ppl-fasilkom-ui/2022/Kelas-B/OOP/majapahit-service/internal/booking/handler.go:37.2,40.16 3 1
gitlab.cs.ui.ac.id/ppl-fasilkom-ui/2022/Kelas-B/OOP/majapahit-service/internal/booking/handler.go:48.2,51.25 3 1
gitlab.cs.ui.ac.id/ppl-fasilkom-ui/2022/Kelas-B/OOP/majapahit-service/internal/booking/handler.go:55.2,64.16 8 1
gitlab.cs.ui.ac.id/ppl-fasilkom-ui/2022/Kelas-B/OOP/majapahit-service/internal/booking/handler.go:72.2,79.4 1 1
gitlab.cs.ui.ac.id/ppl-fasilkom-ui/2022/Kelas-B/OOP/majapahit-service/internal/booking/handler.go:32.16,33.51 1 1
gitlab.cs.ui.ac.id/ppl-fasilkom-ui/2022/Kelas-B/OOP/majapahit-service/internal/booking/handler.go:33.51,35.4 1 1
gitlab.cs.ui.ac.id/ppl-fasilkom-ui/2022/Kelas-B/OOP/majapahit-service/internal/booking/handler.go:40.16,41.24 1 1
gitlab.cs.ui.ac.id/ppl-fasilkom-ui/2022/Kelas-B/OOP/majapahit-service/internal/booking/handler.go:41.24,43.4 1 1
gitlab.cs.ui.ac.id/ppl-fasilkom-ui/2022/Kelas-B/OOP/majapahit-service/internal/booking/handler.go:43.9,45.4 1 1
gitlab.cs.ui.ac.id/ppl-fasilkom-ui/2022/Kelas-B/OOP/majapahit-service/internal/booking/handler.go:51.25,53.3 1 1
gitlab.cs.ui.ac.id/ppl-fasilkom-ui/2022/Kelas-B/OOP/majapahit-service/internal/booking/handler.go:64.16,65.51 1 1
gitlab.cs.ui.ac.id/ppl-fasilkom-ui/2022/Kelas-B/OOP/majapahit-service/internal/booking/handler.go:69.3,69.75 1 1
gitlab.cs.ui.ac.id/ppl-fasilkom-ui/2022/Kelas-B/OOP/majapahit-service/internal/booking/handler.go:65.51,67.4 1 1
gitlab.cs.ui.ac.id/ppl-fasilkom-ui/2022/Kelas-B/OOP/majapahit-service/internal/booking/handler.go:83.57,85.16 2 1
gitlab.cs.ui.ac.id/ppl-fasilkom-ui/2022/Kelas-B/OOP/majapahit-service/internal/booking/handler.go:91.2,95.16 4 1
gitlab.cs.ui.ac.id/ppl-fasilkom-ui/2022/Kelas-B/OOP/majapahit-service/internal/booking/handler.go:99.2,101.16 3 1
gitlab.cs.ui.ac.id/ppl-fasilkom-ui/2022/Kelas-B/OOP/majapahit-service/internal/booking/handler.go:105.2,107.16 3 1
gitlab.cs.ui.ac.id/ppl-fasilkom-ui/2022/Kelas-B/OOP/majapahit-service/internal/booking/handler.go:111.2,113.16 3 1
gitlab.cs.ui.ac.id/ppl-fasilkom-ui/2022/Kelas-B/OOP/majapahit-service/internal/booking/handler.go:117.2,117.25 1 1
gitlab.cs.ui.ac.id/ppl-fasilkom-ui/2022/Kelas-B/OOP/majapahit-service/internal/booking/handler.go:121.2,129.16 3 1
gitlab.cs.ui.ac.id/ppl-fasilkom-ui/2022/Kelas-B/OOP/majapahit-service/internal/booking/handler.go:137.2,141.4 1 1
gitlab.cs.ui.ac.id/ppl-fasilkom-ui/2022/Kelas-B/OOP/majapahit-service/internal/booking/handler.go:85.16,86.51 1 1
gitlab.cs.ui.ac.id/ppl-fasilkom-ui/2022/Kelas-B/OOP/majapahit-service/internal/booking/handler.go:86.51,88.4 1 1
gitlab.cs.ui.ac.id/ppl-fasilkom-ui/2022/Kelas-B/OOP/majapahit-service/internal/booking/handler.go:95.16,97.3 1 1
gitlab.cs.ui.ac.id/ppl-fasilkom-ui/2022/Kelas-B/OOP/majapahit-service/internal/booking/handler.go:101.16,103.3 1 1
gitlab.cs.ui.ac.id/ppl-fasilkom-ui/2022/Kelas-B/OOP/majapahit-service/internal/booking/handler.go:107.16,109.3 1 1
gitlab.cs.ui.ac.id/ppl-fasilkom-ui/2022/Kelas-B/OOP/majapahit-service/internal/booking/handler.go:113.16,115.3 1 1
gitlab.cs.ui.ac.id/ppl-fasilkom-ui/2022/Kelas-B/OOP/majapahit-service/internal/booking/handler.go:117.25,119.3 1 1
gitlab.cs.ui.ac.id/ppl-fasilkom-ui/2022/Kelas-B/OOP/majapahit-service/internal/booking/handler.go:129.16,130.51 1 1
gitlab.cs.ui.ac.id/ppl-fasilkom-ui/2022/Kelas-B/OOP/majapahit-service/internal/booking/handler.go:134.3,134.75 1 1
gitlab.cs.ui.ac.id/ppl-fasilkom-ui/2022/Kelas-B/OOP/majapahit-service/internal/booking/handler.go:130.51,132.4 1 1
gitlab.cs.ui.ac.id/ppl-fasilkom-ui/2022/Kelas-B/OOP/majapahit-service/internal/booking/handler.go:145.57,147.16 2 1
gitlab.cs.ui.ac.id/ppl-fasilkom-ui/2022/Kelas-B/OOP/majapahit-service/internal/booking/handler.go:153.2,157.16 4 1
gitlab.cs.ui.ac.id/ppl-fasilkom-ui/2022/Kelas-B/OOP/majapahit-service/internal/booking/handler.go:161.2,163.16 3 1
gitlab.cs.ui.ac.id/ppl-fasilkom-ui/2022/Kelas-B/OOP/majapahit-service/internal/booking/handler.go:167.2,169.16 3 1
gitlab.cs.ui.ac.id/ppl-fasilkom-ui/2022/Kelas-B/OOP/majapahit-service/internal/booking/handler.go:173.2,175.16 3 1
gitlab.cs.ui.ac.id/ppl-fasilkom-ui/2022/Kelas-B/OOP/majapahit-service/internal/booking/handler.go:179.2,179.25 1 1
gitlab.cs.ui.ac.id/ppl-fasilkom-ui/2022/Kelas-B/OOP/majapahit-service/internal/booking/handler.go:183.2,191.16 3 1
gitlab.cs.ui.ac.id/ppl-fasilkom-ui/2022/Kelas-B/OOP/majapahit-service/internal/booking/handler.go:199.2,203.4 1 1
gitlab.cs.ui.ac.id/ppl-fasilkom-ui/2022/Kelas-B/OOP/majapahit-service/internal/booking/handler.go:147.16,148.51 1 1
gitlab.cs.ui.ac.id/ppl-fasilkom-ui/2022/Kelas-B/OOP/majapahit-service/internal/booking/handler.go:148.51,150.4 1 1
gitlab.cs.ui.ac.id/ppl-fasilkom-ui/2022/Kelas-B/OOP/majapahit-service/internal/booking/handler.go:157.16,159.3 1 1
gitlab.cs.ui.ac.id/ppl-fasilkom-ui/2022/Kelas-B/OOP/majapahit-service/internal/booking/handler.go:163.16,165.3 1 1
gitlab.cs.ui.ac.id/ppl-fasilkom-ui/2022/Kelas-B/OOP/majapahit-service/internal/booking/handler.go:169.16,171.3 1 1
gitlab.cs.ui.ac.id/ppl-fasilkom-ui/2022/Kelas-B/OOP/majapahit-service/internal/booking/handler.go:175.16,177.3 1 1
gitlab.cs.ui.ac.id/ppl-fasilkom-ui/2022/Kelas-B/OOP/majapahit-service/internal/booking/handler.go:179.25,181.3 1 1
gitlab.cs.ui.ac.id/ppl-fasilkom-ui/2022/Kelas-B/OOP/majapahit-service/internal/booking/handler.go:191.16,192.51 1 1
gitlab.cs.ui.ac.id/ppl-fasilkom-ui/2022/Kelas-B/OOP/majapahit-service/internal/booking/handler.go:196.3,196.75 1 1
gitlab.cs.ui.ac.id/ppl-fasilkom-ui/2022/Kelas-B/OOP/majapahit-service/internal/booking/handler.go:192.51,194.4 1 1
gitlab.cs.ui.ac.id/ppl-fasilkom-ui/2022/Kelas-B/OOP/majapahit-service/internal/booking/handler.go:207.54,209.16 2 1
gitlab.cs.ui.ac.id/ppl-fasilkom-ui/2022/Kelas-B/OOP/majapahit-service/internal/booking/handler.go:215.2,217.36 3 1
gitlab.cs.ui.ac.id/ppl-fasilkom-ui/2022/Kelas-B/OOP/majapahit-service/internal/booking/handler.go:221.2,222.16 2 1
gitlab.cs.ui.ac.id/ppl-fasilkom-ui/2022/Kelas-B/OOP/majapahit-service/internal/booking/handler.go:226.2,227.16 2 1
gitlab.cs.ui.ac.id/ppl-fasilkom-ui/2022/Kelas-B/OOP/majapahit-service/internal/booking/handler.go:231.2,232.16 2 1
gitlab.cs.ui.ac.id/ppl-fasilkom-ui/2022/Kelas-B/OOP/majapahit-service/internal/booking/handler.go:236.2,238.16 3 1
gitlab.cs.ui.ac.id/ppl-fasilkom-ui/2022/Kelas-B/OOP/majapahit-service/internal/booking/handler.go:242.2,242.25 1 1
gitlab.cs.ui.ac.id/ppl-fasilkom-ui/2022/Kelas-B/OOP/majapahit-service/internal/booking/handler.go:246.2,259.16 3 1
gitlab.cs.ui.ac.id/ppl-fasilkom-ui/2022/Kelas-B/OOP/majapahit-service/internal/booking/handler.go:267.2,271.4 1 1
gitlab.cs.ui.ac.id/ppl-fasilkom-ui/2022/Kelas-B/OOP/majapahit-service/internal/booking/handler.go:209.16,210.51 1 1
gitlab.cs.ui.ac.id/ppl-fasilkom-ui/2022/Kelas-B/OOP/majapahit-service/internal/booking/handler.go:210.51,212.4 1 1
gitlab.cs.ui.ac.id/ppl-fasilkom-ui/2022/Kelas-B/OOP/majapahit-service/internal/booking/handler.go:217.36,219.3 1 1
gitlab.cs.ui.ac.id/ppl-fasilkom-ui/2022/Kelas-B/OOP/majapahit-service/internal/booking/handler.go:222.16,224.3 1 1
gitlab.cs.ui.ac.id/ppl-fasilkom-ui/2022/Kelas-B/OOP/majapahit-service/internal/booking/handler.go:227.16,229.3 1 1
gitlab.cs.ui.ac.id/ppl-fasilkom-ui/2022/Kelas-B/OOP/majapahit-service/internal/booking/handler.go:232.16,234.3 1 1
gitlab.cs.ui.ac.id/ppl-fasilkom-ui/2022/Kelas-B/OOP/majapahit-service/internal/booking/handler.go:238.16,240.3 1 1
gitlab.cs.ui.ac.id/ppl-fasilkom-ui/2022/Kelas-B/OOP/majapahit-service/internal/booking/handler.go:242.25,244.3 1 1
gitlab.cs.ui.ac.id/ppl-fasilkom-ui/2022/Kelas-B/OOP/majapahit-service/internal/booking/handler.go:259.16,260.51 1 1
gitlab.cs.ui.ac.id/ppl-fasilkom-ui/2022/Kelas-B/OOP/majapahit-service/internal/booking/handler.go:264.3,264.75 1 1
gitlab.cs.ui.ac.id/ppl-fasilkom-ui/2022/Kelas-B/OOP/majapahit-service/internal/booking/handler.go:260.51,262.4 1 1
gitlab.cs.ui.ac.id/ppl-fasilkom-ui/2022/Kelas-B/OOP/majapahit-service/internal/booking/handler.go:275.53,277.16 2 1
gitlab.cs.ui.ac.id/ppl-fasilkom-ui/2022/Kelas-B/OOP/majapahit-service/internal/booking/handler.go:283.2,285.16 3 1
gitlab.cs.ui.ac.id/ppl-fasilkom-ui/2022/Kelas-B/OOP/majapahit-service/internal/booking/handler.go:289.2,291.16 3 1
gitlab.cs.ui.ac.id/ppl-fasilkom-ui/2022/Kelas-B/OOP/majapahit-service/internal/booking/handler.go:295.2,295.25 1 1
gitlab.cs.ui.ac.id/ppl-fasilkom-ui/2022/Kelas-B/OOP/majapahit-service/internal/booking/handler.go:299.2,300.16 2 1
gitlab.cs.ui.ac.id/ppl-fasilkom-ui/2022/Kelas-B/OOP/majapahit-service/internal/booking/handler.go:308.2,309.26 2 1
gitlab.cs.ui.ac.id/ppl-fasilkom-ui/2022/Kelas-B/OOP/majapahit-service/internal/booking/handler.go:318.2,322.4 1 1
gitlab.cs.ui.ac.id/ppl-fasilkom-ui/2022/Kelas-B/OOP/majapahit-service/internal/booking/handler.go:277.16,278.51 1 1
gitlab.cs.ui.ac.id/ppl-fasilkom-ui/2022/Kelas-B/OOP/majapahit-service/internal/booking/handler.go:278.51,280.4 1 1
gitlab.cs.ui.ac.id/ppl-fasilkom-ui/2022/Kelas-B/OOP/majapahit-service/internal/booking/handler.go:285.16,287.3 1 1
gitlab.cs.ui.ac.id/ppl-fasilkom-ui/2022/Kelas-B/OOP/majapahit-service/internal/booking/handler.go:291.16,293.3 1 1
gitlab.cs.ui.ac.id/ppl-fasilkom-ui/2022/Kelas-B/OOP/majapahit-service/internal/booking/handler.go:295.25,297.3 1 1
gitlab.cs.ui.ac.id/ppl-fasilkom-ui/2022/Kelas-B/OOP/majapahit-service/internal/booking/handler.go:300.16,301.51 1 1
gitlab.cs.ui.ac.id/ppl-fasilkom-ui/2022/Kelas-B/OOP/majapahit-service/internal/booking/handler.go:305.3,305.75 1 1
gitlab.cs.ui.ac.id/ppl-fasilkom-ui/2022/Kelas-B/OOP/majapahit-service/internal/booking/handler.go:301.51,303.4 1 1
gitlab.cs.ui.ac.id/ppl-fasilkom-ui/2022/Kelas-B/OOP/majapahit-service/internal/booking/handler.go:309.26,316.3 1 1
gitlab.cs.ui.ac.id/ppl-fasilkom-ui/2022/Kelas-B/OOP/majapahit-service/internal/booking/handler.go:326.51,331.16 4 1
gitlab.cs.ui.ac.id/ppl-fasilkom-ui/2022/Kelas-B/OOP/majapahit-service/internal/booking/handler.go:335.2,335.25 1 1
gitlab.cs.ui.ac.id/ppl-fasilkom-ui/2022/Kelas-B/OOP/majapahit-service/internal/booking/handler.go:339.2,340.16 2 1
gitlab.cs.ui.ac.id/ppl-fasilkom-ui/2022/Kelas-B/OOP/majapahit-service/internal/booking/handler.go:348.2,352.4 1 1
gitlab.cs.ui.ac.id/ppl-fasilkom-ui/2022/Kelas-B/OOP/majapahit-service/internal/booking/handler.go:331.16,333.3 1 1
gitlab.cs.ui.ac.id/ppl-fasilkom-ui/2022/Kelas-B/OOP/majapahit-service/internal/booking/handler.go:335.25,337.3 1 1
gitlab.cs.ui.ac.id/ppl-fasilkom-ui/2022/Kelas-B/OOP/majapahit-service/internal/booking/handler.go:340.16,341.51 1 1
gitlab.cs.ui.ac.id/ppl-fasilkom-ui/2022/Kelas-B/OOP/majapahit-service/internal/booking/handler.go:345.3,345.75 1 1
gitlab.cs.ui.ac.id/ppl-fasilkom-ui/2022/Kelas-B/OOP/majapahit-service/internal/booking/handler.go:341.51,343.4 1 1
gitlab.cs.ui.ac.id/ppl-fasilkom-ui/2022/Kelas-B/OOP/majapahit-service/internal/booking/handler.go:356.61,361.16 4 1
gitlab.cs.ui.ac.id/ppl-fasilkom-ui/2022/Kelas-B/OOP/majapahit-service/internal/booking/handler.go:365.2,365.25 1 1
gitlab.cs.ui.ac.id/ppl-fasilkom-ui/2022/Kelas-B/OOP/majapahit-service/internal/booking/handler.go:369.2,370.36 2 1
gitlab.cs.ui.ac.id/ppl-fasilkom-ui/2022/Kelas-B/OOP/majapahit-service/internal/booking/handler.go:374.2,376.16 2 1
gitlab.cs.ui.ac.id/ppl-fasilkom-ui/2022/Kelas-B/OOP/majapahit-service/internal/booking/handler.go:384.2,387.4 1 1
gitlab.cs.ui.ac.id/ppl-fasilkom-ui/2022/Kelas-B/OOP/majapahit-service/internal/booking/handler.go:361.16,363.3 1 1
gitlab.cs.ui.ac.id/ppl-fasilkom-ui/2022/Kelas-B/OOP/majapahit-service/internal/booking/handler.go:365.25,367.3 1 1
gitlab.cs.ui.ac.id/ppl-fasilkom-ui/2022/Kelas-B/OOP/majapahit-service/internal/booking/handler.go:370.36,372.3 1 1
gitlab.cs.ui.ac.id/ppl-fasilkom-ui/2022/Kelas-B/OOP/majapahit-service/internal/booking/handler.go:376.16,377.51 1 1
gitlab.cs.ui.ac.id/ppl-fasilkom-ui/2022/Kelas-B/OOP/majapahit-service/internal/booking/handler.go:381.3,381.75 1 1
gitlab.cs.ui.ac.id/ppl-fasilkom-ui/2022/Kelas-B/OOP/majapahit-service/internal/booking/handler.go:377.51,379.4 1 1
gitlab.cs.ui.ac.id/ppl-fasilkom-ui/2022/Kelas-B/OOP/majapahit-service/internal/booking/handler.go:391.62,396.25 4 1
gitlab.cs.ui.ac.id/ppl-fasilkom-ui/2022/Kelas-B/OOP/majapahit-service/internal/booking/handler.go:400.2,401.16 2 1
gitlab.cs.ui.ac.id/ppl-fasilkom-ui/2022/Kelas-B/OOP/majapahit-service/internal/booking/handler.go:410.2,414.4 1 1
gitlab.cs.ui.ac.id/ppl-fasilkom-ui/2022/Kelas-B/OOP/majapahit-service/internal/booking/handler.go:396.25,398.3 1 0
gitlab.cs.ui.ac.id/ppl-fasilkom-ui/2022/Kelas-B/OOP/majapahit-service/internal/booking/handler.go:401.16,402.51 1 1
gitlab.cs.ui.ac.id/ppl-fasilkom-ui/2022/Kelas-B/OOP/majapahit-service/internal/booking/handler.go:406.3,406.75 1 0
gitlab.cs.ui.ac.id/ppl-fasilkom-ui/2022/Kelas-B/OOP/majapahit-service/internal/booking/handler.go:402.51,404.4 1 1
gitlab.cs.ui.ac.id/ppl-fasilkom-ui/2022/Kelas-B/OOP/majapahit-service/internal/booking/handler.go:418.77,428.25 8 1
gitlab.cs.ui.ac.id/ppl-fasilkom-ui/2022/Kelas-B/OOP/majapahit-service/internal/booking/handler.go:432.2,438.16 6 1
gitlab.cs.ui.ac.id/ppl-fasilkom-ui/2022/Kelas-B/OOP/majapahit-service/internal/booking/handler.go:446.2,453.4 1 1
gitlab.cs.ui.ac.id/ppl-fasilkom-ui/2022/Kelas-B/OOP/majapahit-service/internal/booking/handler.go:428.25,430.3 1 1
gitlab.cs.ui.ac.id/ppl-fasilkom-ui/2022/Kelas-B/OOP/majapahit-service/internal/booking/handler.go:438.16,439.51 1 0
gitlab.cs.ui.ac.id/ppl-fasilkom-ui/2022/Kelas-B/OOP/majapahit-service/internal/booking/handler.go:443.3,443.75 1 0
gitlab.cs.ui.ac.id/ppl-fasilkom-ui/2022/Kelas-B/OOP/majapahit-service/internal/booking/handler.go:439.51,441.4 1 0
gitlab.cs.ui.ac.id/ppl-fasilkom-ui/2022/Kelas-B/OOP/majapahit-service/internal/booking/handler.go:457.63,461.16 3 1
gitlab.cs.ui.ac.id/ppl-fasilkom-ui/2022/Kelas-B/OOP/majapahit-service/internal/booking/handler.go:465.2,466.16 2 1
gitlab.cs.ui.ac.id/ppl-fasilkom-ui/2022/Kelas-B/OOP/majapahit-service/internal/booking/handler.go:474.2,477.4 1 1
gitlab.cs.ui.ac.id/ppl-fasilkom-ui/2022/Kelas-B/OOP/majapahit-service/internal/booking/handler.go:461.16,463.3 1 1
gitlab.cs.ui.ac.id/ppl-fasilkom-ui/2022/Kelas-B/OOP/majapahit-service/internal/booking/handler.go:466.16,467.51 1 1
gitlab.cs.ui.ac.id/ppl-fasilkom-ui/2022/Kelas-B/OOP/majapahit-service/internal/booking/handler.go:471.3,471.75 1 1
gitlab.cs.ui.ac.id/ppl-fasilkom-ui/2022/Kelas-B/OOP/majapahit-service/internal/booking/handler.go:467.51,469.4 1 1
gitlab.cs.ui.ac.id/ppl-fasilkom-ui/2022/Kelas-B/OOP/majapahit-service/internal/booking/repo.go:15.32,19.2 1 1
gitlab.cs.ui.ac.id/ppl-fasilkom-ui/2022/Kelas-B/OOP/majapahit-service/internal/booking/repo.go:48.68,52.16 3 1
gitlab.cs.ui.ac.id/ppl-fasilkom-ui/2022/Kelas-B/OOP/majapahit-service/internal/booking/repo.go:56.2,56.12 1 1
gitlab.cs.ui.ac.id/ppl-fasilkom-ui/2022/Kelas-B/OOP/majapahit-service/internal/booking/repo.go:52.16,54.3 1 1
gitlab.cs.ui.ac.id/ppl-fasilkom-ui/2022/Kelas-B/OOP/majapahit-service/internal/booking/repo.go:59.60,62.16 3 1
gitlab.cs.ui.ac.id/ppl-fasilkom-ui/2022/Kelas-B/OOP/majapahit-service/internal/booking/repo.go:70.2,70.20 1 1
gitlab.cs.ui.ac.id/ppl-fasilkom-ui/2022/Kelas-B/OOP/majapahit-service/internal/booking/repo.go:74.2,74.18 1 1
gitlab.cs.ui.ac.id/ppl-fasilkom-ui/2022/Kelas-B/OOP/majapahit-service/internal/booking/repo.go:62.16,63.27 1 1
gitlab.cs.ui.ac.id/ppl-fasilkom-ui/2022/Kelas-B/OOP/majapahit-service/internal/booking/repo.go:67.3,67.65 1 1
gitlab.cs.ui.ac.id/ppl-fasilkom-ui/2022/Kelas-B/OOP/majapahit-service/internal/booking/repo.go:63.27,65.4 1 1
gitlab.cs.ui.ac.id/ppl-fasilkom-ui/2022/Kelas-B/OOP/majapahit-service/internal/booking/repo.go:70.20,72.3 1 1
gitlab.cs.ui.ac.id/ppl-fasilkom-ui/2022/Kelas-B/OOP/majapahit-service/internal/booking/repo.go:77.94,88.16 6 1
gitlab.cs.ui.ac.id/ppl-fasilkom-ui/2022/Kelas-B/OOP/majapahit-service/internal/booking/repo.go:97.2,100.16 3 1
gitlab.cs.ui.ac.id/ppl-fasilkom-ui/2022/Kelas-B/OOP/majapahit-service/internal/booking/repo.go:109.2,109.34 1 1
gitlab.cs.ui.ac.id/ppl-fasilkom-ui/2022/Kelas-B/OOP/majapahit-service/internal/booking/repo.go:88.16,89.27 1 1
gitlab.cs.ui.ac.id/ppl-fasilkom-ui/2022/Kelas-B/OOP/majapahit-service/internal/booking/repo.go:94.3,94.63 1 1
gitlab.cs.ui.ac.id/ppl-fasilkom-ui/2022/Kelas-B/OOP/majapahit-service/internal/booking/repo.go:89.27,93.4 3 1
gitlab.cs.ui.ac.id/ppl-fasilkom-ui/2022/Kelas-B/OOP/majapahit-service/internal/booking/repo.go:100.16,101.27 1 1
gitlab.cs.ui.ac.id/ppl-fasilkom-ui/2022/Kelas-B/OOP/majapahit-service/internal/booking/repo.go:106.3,106.63 1 0
gitlab.cs.ui.ac.id/ppl-fasilkom-ui/2022/Kelas-B/OOP/majapahit-service/internal/booking/repo.go:101.27,105.4 3 1
gitlab.cs.ui.ac.id/ppl-fasilkom-ui/2022/Kelas-B/OOP/majapahit-service/internal/booking/repo.go:112.79,116.16 3 1
gitlab.cs.ui.ac.id/ppl-fasilkom-ui/2022/Kelas-B/OOP/majapahit-service/internal/booking/repo.go:120.2,120.18 1 1
gitlab.cs.ui.ac.id/ppl-fasilkom-ui/2022/Kelas-B/OOP/majapahit-service/internal/booking/repo.go:116.16,118.3 1 1
gitlab.cs.ui.ac.id/ppl-fasilkom-ui/2022/Kelas-B/OOP/majapahit-service/internal/booking/repo.go:123.88,132.25 7 1
gitlab.cs.ui.ac.id/ppl-fasilkom-ui/2022/Kelas-B/OOP/majapahit-service/internal/booking/repo.go:138.2,141.16 3 1
gitlab.cs.ui.ac.id/ppl-fasilkom-ui/2022/Kelas-B/OOP/majapahit-service/internal/booking/repo.go:145.2,145.40 1 1
gitlab.cs.ui.ac.id/ppl-fasilkom-ui/2022/Kelas-B/OOP/majapahit-service/internal/booking/repo.go:150.2,150.38 1 1
gitlab.cs.ui.ac.id/ppl-fasilkom-ui/2022/Kelas-B/OOP/majapahit-service/internal/booking/repo.go:132.25,136.3 3 1
gitlab.cs.ui.ac.id/ppl-fasilkom-ui/2022/Kelas-B/OOP/majapahit-service/internal/booking/repo.go:141.16,143.3 1 1
gitlab.cs.ui.ac.id/ppl-fasilkom-ui/2022/Kelas-B/OOP/majapahit-service/internal/booking/repo.go:145.40,148.3 1 1
gitlab.cs.ui.ac.id/ppl-fasilkom-ui/2022/Kelas-B/OOP/majapahit-service/internal/booking/repo.go:153.105,162.29 6 1
gitlab.cs.ui.ac.id/ppl-fasilkom-ui/2022/Kelas-B/OOP/majapahit-service/internal/booking/repo.go:172.2,175.16 3 1
gitlab.cs.ui.ac.id/ppl-fasilkom-ui/2022/Kelas-B/OOP/majapahit-service/internal/booking/repo.go:179.2,179.65 1 1
gitlab.cs.ui.ac.id/ppl-fasilkom-ui/2022/Kelas-B/OOP/majapahit-service/internal/booking/repo.go:162.29,170.3 7 1
gitlab.cs.ui.ac.id/ppl-fasilkom-ui/2022/Kelas-B/OOP/majapahit-service/internal/booking/repo.go:175.16,177.3 1 1
gitlab.cs.ui.ac.id/ppl-fasilkom-ui/2022/Kelas-B/OOP/majapahit-service/internal/booking/repo.go:182.90,192.16 4 1
gitlab.cs.ui.ac.id/ppl-fasilkom-ui/2022/Kelas-B/OOP/majapahit-service/internal/booking/repo.go:196.2,196.24 1 1
gitlab.cs.ui.ac.id/ppl-fasilkom-ui/2022/Kelas-B/OOP/majapahit-service/internal/booking/repo.go:192.16,194.3 1 1
gitlab.cs.ui.ac.id/ppl-fasilkom-ui/2022/Kelas-B/OOP/majapahit-service/internal/booking/repo.go:199.77,203.16 3 1
gitlab.cs.ui.ac.id/ppl-fasilkom-ui/2022/Kelas-B/OOP/majapahit-service/internal/booking/repo.go:207.2,207.18 1 1
gitlab.cs.ui.ac.id/ppl-fasilkom-ui/2022/Kelas-B/OOP/majapahit-service/internal/booking/repo.go:203.16,205.3 1 1
gitlab.cs.ui.ac.id/ppl-fasilkom-ui/2022/Kelas-B/OOP/majapahit-service/internal/booking/repo.go:210.101,220.16 4 1
gitlab.cs.ui.ac.id/ppl-fasilkom-ui/2022/Kelas-B/OOP/majapahit-service/internal/booking/repo.go:224.2,224.27 1 1
gitlab.cs.ui.ac.id/ppl-fasilkom-ui/2022/Kelas-B/OOP/majapahit-service/internal/booking/repo.go:220.16,222.3 1 1
gitlab.cs.ui.ac.id/ppl-fasilkom-ui/2022/Kelas-B/OOP/majapahit-service/internal/booking/repo.go:227.94,240.45 7 1
gitlab.cs.ui.ac.id/ppl-fasilkom-ui/2022/Kelas-B/OOP/majapahit-service/internal/booking/repo.go:246.2,250.16 4 1
gitlab.cs.ui.ac.id/ppl-fasilkom-ui/2022/Kelas-B/OOP/majapahit-service/internal/booking/repo.go:254.2,254.24 1 1
gitlab.cs.ui.ac.id/ppl-fasilkom-ui/2022/Kelas-B/OOP/majapahit-service/internal/booking/repo.go:240.45,244.3 3 1
gitlab.cs.ui.ac.id/ppl-fasilkom-ui/2022/Kelas-B/OOP/majapahit-service/internal/booking/repo.go:250.16,252.3 1 1
gitlab.cs.ui.ac.id/ppl-fasilkom-ui/2022/Kelas-B/OOP/majapahit-service/internal/booking/repo.go:257.80,263.16 4 1
gitlab.cs.ui.ac.id/ppl-fasilkom-ui/2022/Kelas-B/OOP/majapahit-service/internal/booking/repo.go:267.2,267.24 1 1
gitlab.cs.ui.ac.id/ppl-fasilkom-ui/2022/Kelas-B/OOP/majapahit-service/internal/booking/repo.go:263.16,265.3 1 1
gitlab.cs.ui.ac.id/ppl-fasilkom-ui/2022/Kelas-B/OOP/majapahit-service/internal/booking/repo.go:270.66,276.16 4 1
gitlab.cs.ui.ac.id/ppl-fasilkom-ui/2022/Kelas-B/OOP/majapahit-service/internal/booking/repo.go:284.2,284.26 1 1
gitlab.cs.ui.ac.id/ppl-fasilkom-ui/2022/Kelas-B/OOP/majapahit-service/internal/booking/repo.go:276.16,277.27 1 1
gitlab.cs.ui.ac.id/ppl-fasilkom-ui/2022/Kelas-B/OOP/majapahit-service/internal/booking/repo.go:281.3,281.63 1 1
gitlab.cs.ui.ac.id/ppl-fasilkom-ui/2022/Kelas-B/OOP/majapahit-service/internal/booking/repo.go:277.27,279.4 1 1
gitlab.cs.ui.ac.id/ppl-fasilkom-ui/2022/Kelas-B/OOP/majapahit-service/internal/booking/repo.go:287.58,294.16 4 1
gitlab.cs.ui.ac.id/ppl-fasilkom-ui/2022/Kelas-B/OOP/majapahit-service/internal/booking/repo.go:298.2,298.28 1 1
gitlab.cs.ui.ac.id/ppl-fasilkom-ui/2022/Kelas-B/OOP/majapahit-service/internal/booking/repo.go:294.16,296.3 1 1
gitlab.cs.ui.ac.id/ppl-fasilkom-ui/2022/Kelas-B/OOP/majapahit-service/internal/booking/repo.go:301.69,308.16 5 1
gitlab.cs.ui.ac.id/ppl-fasilkom-ui/2022/Kelas-B/OOP/majapahit-service/internal/booking/repo.go:312.2,312.27 1 1
gitlab.cs.ui.ac.id/ppl-fasilkom-ui/2022/Kelas-B/OOP/majapahit-service/internal/booking/repo.go:308.16,310.3 1 1
gitlab.cs.ui.ac.id/ppl-fasilkom-ui/2022/Kelas-B/OOP/majapahit-service/internal/booking/repo.go:315.82,321.16 4 1
gitlab.cs.ui.ac.id/ppl-fasilkom-ui/2022/Kelas-B/OOP/majapahit-service/internal/booking/repo.go:325.2,325.26 1 1
gitlab.cs.ui.ac.id/ppl-fasilkom-ui/2022/Kelas-B/OOP/majapahit-service/internal/booking/repo.go:321.16,323.3 1 1
gitlab.cs.ui.ac.id/ppl-fasilkom-ui/2022/Kelas-B/OOP/majapahit-service/internal/booking/repo.go:328.72,331.16 3 1
gitlab.cs.ui.ac.id/ppl-fasilkom-ui/2022/Kelas-B/OOP/majapahit-service/internal/booking/repo.go:334.2,334.12 1 1
gitlab.cs.ui.ac.id/ppl-fasilkom-ui/2022/Kelas-B/OOP/majapahit-service/internal/booking/repo.go:331.16,333.3 1 1
gitlab.cs.ui.ac.id/ppl-fasilkom-ui/2022/Kelas-B/OOP/majapahit-service/internal/booking/repo.go:337.84,340.16 3 1
gitlab.cs.ui.ac.id/ppl-fasilkom-ui/2022/Kelas-B/OOP/majapahit-service/internal/booking/repo.go:347.2,347.12 1 1
gitlab.cs.ui.ac.id/ppl-fasilkom-ui/2022/Kelas-B/OOP/majapahit-service/internal/booking/repo.go:340.16,341.27 1 1
gitlab.cs.ui.ac.id/ppl-fasilkom-ui/2022/Kelas-B/OOP/majapahit-service/internal/booking/repo.go:344.3,344.58 1 1
gitlab.cs.ui.ac.id/ppl-fasilkom-ui/2022/Kelas-B/OOP/majapahit-service/internal/booking/repo.go:341.27,343.4 1 1
gitlab.cs.ui.ac.id/ppl-fasilkom-ui/2022/Kelas-B/OOP/majapahit-service/internal/booking/repo.go:350.73,363.16 5 1
gitlab.cs.ui.ac.id/ppl-fasilkom-ui/2022/Kelas-B/OOP/majapahit-service/internal/booking/repo.go:371.2,371.26 1 1
gitlab.cs.ui.ac.id/ppl-fasilkom-ui/2022/Kelas-B/OOP/majapahit-service/internal/booking/repo.go:363.16,364.27 1 1
gitlab.cs.ui.ac.id/ppl-fasilkom-ui/2022/Kelas-B/OOP/majapahit-service/internal/booking/repo.go:368.3,368.63 1 1
gitlab.cs.ui.ac.id/ppl-fasilkom-ui/2022/Kelas-B/OOP/majapahit-service/internal/booking/repo.go:364.27,367.4 2 0
gitlab.cs.ui.ac.id/ppl-fasilkom-ui/2022/Kelas-B/OOP/majapahit-service/internal/booking/repo.go:374.110,387.16 5 1
gitlab.cs.ui.ac.id/ppl-fasilkom-ui/2022/Kelas-B/OOP/majapahit-service/internal/booking/repo.go:396.2,404.16 3 1
gitlab.cs.ui.ac.id/ppl-fasilkom-ui/2022/Kelas-B/OOP/majapahit-service/internal/booking/repo.go:413.2,413.33 1 1
gitlab.cs.ui.ac.id/ppl-fasilkom-ui/2022/Kelas-B/OOP/majapahit-service/internal/booking/repo.go:387.16,388.27 1 1
gitlab.cs.ui.ac.id/ppl-fasilkom-ui/2022/Kelas-B/OOP/majapahit-service/internal/booking/repo.go:393.3,393.63 1 1
gitlab.cs.ui.ac.id/ppl-fasilkom-ui/2022/Kelas-B/OOP/majapahit-service/internal/booking/repo.go:388.27,392.4 3 1
gitlab.cs.ui.ac.id/ppl-fasilkom-ui/2022/Kelas-B/OOP/majapahit-service/internal/booking/repo.go:404.16,405.27 1 1
gitlab.cs.ui.ac.id/ppl-fasilkom-ui/2022/Kelas-B/OOP/majapahit-service/internal/booking/repo.go:410.3,410.63 1 1
gitlab.cs.ui.ac.id/ppl-fasilkom-ui/2022/Kelas-B/OOP/majapahit-service/internal/booking/repo.go:405.27,409.4 3 1
gitlab.cs.ui.ac.id/ppl-fasilkom-ui/2022/Kelas-B/OOP/majapahit-service/internal/booking/service.go:35.59,40.2 1 1
gitlab.cs.ui.ac.id/ppl-fasilkom-ui/2022/Kelas-B/OOP/majapahit-service/internal/booking/service.go:42.115,45.42 2 1
gitlab.cs.ui.ac.id/ppl-fasilkom-ui/2022/Kelas-B/OOP/majapahit-service/internal/booking/service.go:49.2,49.22 1 1
gitlab.cs.ui.ac.id/ppl-fasilkom-ui/2022/Kelas-B/OOP/majapahit-service/internal/booking/service.go:53.2,53.23 1 1
gitlab.cs.ui.ac.id/ppl-fasilkom-ui/2022/Kelas-B/OOP/majapahit-service/internal/booking/service.go:57.2,57.34 1 1
gitlab.cs.ui.ac.id/ppl-fasilkom-ui/2022/Kelas-B/OOP/majapahit-service/internal/booking/service.go:61.2,61.23 1 1
gitlab.cs.ui.ac.id/ppl-fasilkom-ui/2022/Kelas-B/OOP/majapahit-service/internal/booking/service.go:65.2,65.24 1 1
gitlab.cs.ui.ac.id/ppl-fasilkom-ui/2022/Kelas-B/OOP/majapahit-service/internal/booking/service.go:69.2,70.16 2 1
gitlab.cs.ui.ac.id/ppl-fasilkom-ui/2022/Kelas-B/OOP/majapahit-service/internal/booking/service.go:75.2,76.60 2 1
gitlab.cs.ui.ac.id/ppl-fasilkom-ui/2022/Kelas-B/OOP/majapahit-service/internal/booking/service.go:91.2,94.46 3 1
gitlab.cs.ui.ac.id/ppl-fasilkom-ui/2022/Kelas-B/OOP/majapahit-service/internal/booking/service.go:45.42,47.3 1 1
gitlab.cs.ui.ac.id/ppl-fasilkom-ui/2022/Kelas-B/OOP/majapahit-service/internal/booking/service.go:49.22,51.3 1 1
gitlab.cs.ui.ac.id/ppl-fasilkom-ui/2022/Kelas-B/OOP/majapahit-service/internal/booking/service.go:53.23,55.3 1 1
gitlab.cs.ui.ac.id/ppl-fasilkom-ui/2022/Kelas-B/OOP/majapahit-service/internal/booking/service.go:57.34,59.3 1 1
gitlab.cs.ui.ac.id/ppl-fasilkom-ui/2022/Kelas-B/OOP/majapahit-service/internal/booking/service.go:61.23,63.3 1 1
gitlab.cs.ui.ac.id/ppl-fasilkom-ui/2022/Kelas-B/OOP/majapahit-service/internal/booking/service.go:65.24,67.3 1 1
gitlab.cs.ui.ac.id/ppl-fasilkom-ui/2022/Kelas-B/OOP/majapahit-service/internal/booking/service.go:70.16,72.3 1 1
gitlab.cs.ui.ac.id/ppl-fasilkom-ui/2022/Kelas-B/OOP/majapahit-service/internal/booking/service.go:76.60,78.17 2 1
gitlab.cs.ui.ac.id/ppl-fasilkom-ui/2022/Kelas-B/OOP/majapahit-service/internal/booking/service.go:82.3,82.17 1 1
gitlab.cs.ui.ac.id/ppl-fasilkom-ui/2022/Kelas-B/OOP/majapahit-service/internal/booking/service.go:78.17,80.4 1 1
gitlab.cs.ui.ac.id/ppl-fasilkom-ui/2022/Kelas-B/OOP/majapahit-service/internal/booking/service.go:82.17,86.4 2 1
gitlab.cs.ui.ac.id/ppl-fasilkom-ui/2022/Kelas-B/OOP/majapahit-service/internal/booking/service.go:86.9,88.4 1 1
gitlab.cs.ui.ac.id/ppl-fasilkom-ui/2022/Kelas-B/OOP/majapahit-service/internal/booking/service.go:97.107,103.23 2 1
gitlab.cs.ui.ac.id/ppl-fasilkom-ui/2022/Kelas-B/OOP/majapahit-service/internal/booking/service.go:107.2,107.24 1 1
gitlab.cs.ui.ac.id/ppl-fasilkom-ui/2022/Kelas-B/OOP/majapahit-service/internal/booking/service.go:111.2,112.36 2 1
gitlab.cs.ui.ac.id/ppl-fasilkom-ui/2022/Kelas-B/OOP/majapahit-service/internal/booking/service.go:120.2,122.20 3 1
gitlab.cs.ui.ac.id/ppl-fasilkom-ui/2022/Kelas-B/OOP/majapahit-service/internal/booking/service.go:141.2,149.16 3 1
gitlab.cs.ui.ac.id/ppl-fasilkom-ui/2022/Kelas-B/OOP/majapahit-service/internal/booking/service.go:153.2,154.35 2 1
gitlab.cs.ui.ac.id/ppl-fasilkom-ui/2022/Kelas-B/OOP/majapahit-service/internal/booking/service.go:160.2,160.14 1 1
gitlab.cs.ui.ac.id/ppl-fasilkom-ui/2022/Kelas-B/OOP/majapahit-service/internal/booking/service.go:165.2,178.16 3 1
gitlab.cs.ui.ac.id/ppl-fasilkom-ui/2022/Kelas-B/OOP/majapahit-service/internal/booking/service.go:182.2,182.36 1 1
gitlab.cs.ui.ac.id/ppl-fasilkom-ui/2022/Kelas-B/OOP/majapahit-service/internal/booking/service.go:211.2,211.68 1 1
gitlab.cs.ui.ac.id/ppl-fasilkom-ui/2022/Kelas-B/OOP/majapahit-service/internal/booking/service.go:103.23,105.3 1 1
gitlab.cs.ui.ac.id/ppl-fasilkom-ui/2022/Kelas-B/OOP/majapahit-service/internal/booking/service.go:107.24,109.3 1 1
gitlab.cs.ui.ac.id/ppl-fasilkom-ui/2022/Kelas-B/OOP/majapahit-service/internal/booking/service.go:112.36,117.3 1 1
gitlab.cs.ui.ac.id/ppl-fasilkom-ui/2022/Kelas-B/OOP/majapahit-service/internal/booking/service.go:122.20,124.63 2 1
gitlab.cs.ui.ac.id/ppl-fasilkom-ui/2022/Kelas-B/OOP/majapahit-service/internal/booking/service.go:135.3,135.17 1 1
gitlab.cs.ui.ac.id/ppl-fasilkom-ui/2022/Kelas-B/OOP/majapahit-service/internal/booking/service.go:124.63,128.27 3 1
gitlab.cs.ui.ac.id/ppl-fasilkom-ui/2022/Kelas-B/OOP/majapahit-service/internal/booking/service.go:132.4,132.131 1 1
gitlab.cs.ui.ac.id/ppl-fasilkom-ui/2022/Kelas-B/OOP/majapahit-service/internal/booking/service.go:128.27,130.5 1 1
gitlab.cs.ui.ac.id/ppl-fasilkom-ui/2022/Kelas-B/OOP/majapahit-service/internal/booking/service.go:135.17,137.4 1 1
gitlab.cs.ui.ac.id/ppl-fasilkom-ui/2022/Kelas-B/OOP/majapahit-service/internal/booking/service.go:149.16,151.3 1 1
gitlab.cs.ui.ac.id/ppl-fasilkom-ui/2022/Kelas-B/OOP/majapahit-service/internal/booking/service.go:154.35,155.55 1 1
gitlab.cs.ui.ac.id/ppl-fasilkom-ui/2022/Kelas-B/OOP/majapahit-service/internal/booking/service.go:155.55,157.4 1 1
gitlab.cs.ui.ac.id/ppl-fasilkom-ui/2022/Kelas-B/OOP/majapahit-service/internal/booking/service.go:160.14,162.3 1 1
gitlab.cs.ui.ac.id/ppl-fasilkom-ui/2022/Kelas-B/OOP/majapahit-service/internal/booking/service.go:178.16,180.3 1 1
gitlab.cs.ui.ac.id/ppl-fasilkom-ui/2022/Kelas-B/OOP/majapahit-service/internal/booking/service.go:182.36,186.34 2 1
gitlab.cs.ui.ac.id/ppl-fasilkom-ui/2022/Kelas-B/OOP/majapahit-service/internal/booking/service.go:196.3,197.17 2 1
gitlab.cs.ui.ac.id/ppl-fasilkom-ui/2022/Kelas-B/OOP/majapahit-service/internal/booking/service.go:202.3,206.17 2 1
gitlab.cs.ui.ac.id/ppl-fasilkom-ui/2022/Kelas-B/OOP/majapahit-service/internal/booking/service.go:186.34,193.4 1 1
gitlab.cs.ui.ac.id/ppl-fasilkom-ui/2022/Kelas-B/OOP/majapahit-service/internal/booking/service.go:197.17,199.4 1 1
gitlab.cs.ui.ac.id/ppl-fasilkom-ui/2022/Kelas-B/OOP/majapahit-service/internal/booking/service.go:206.17,208.4 1 1
gitlab.cs.ui.ac.id/ppl-fasilkom-ui/2022/Kelas-B/OOP/majapahit-service/internal/booking/service.go:214.89,217.18 2 1
gitlab.cs.ui.ac.id/ppl-fasilkom-ui/2022/Kelas-B/OOP/majapahit-service/internal/booking/service.go:221.2,221.24 1 1
gitlab.cs.ui.ac.id/ppl-fasilkom-ui/2022/Kelas-B/OOP/majapahit-service/internal/booking/service.go:225.2,226.16 2 1
gitlab.cs.ui.ac.id/ppl-fasilkom-ui/2022/Kelas-B/OOP/majapahit-service/internal/booking/service.go:230.2,230.22 1 1
gitlab.cs.ui.ac.id/ppl-fasilkom-ui/2022/Kelas-B/OOP/majapahit-service/internal/booking/service.go:217.18,219.3 1 1
gitlab.cs.ui.ac.id/ppl-fasilkom-ui/2022/Kelas-B/OOP/majapahit-service/internal/booking/service.go:221.24,223.3 1 1
gitlab.cs.ui.ac.id/ppl-fasilkom-ui/2022/Kelas-B/OOP/majapahit-service/internal/booking/service.go:226.16,228.3 1 1
gitlab.cs.ui.ac.id/ppl-fasilkom-ui/2022/Kelas-B/OOP/majapahit-service/internal/booking/service.go:233.100,236.25 2 1
gitlab.cs.ui.ac.id/ppl-fasilkom-ui/2022/Kelas-B/OOP/majapahit-service/internal/booking/service.go:240.2,240.28 1 1
gitlab.cs.ui.ac.id/ppl-fasilkom-ui/2022/Kelas-B/OOP/majapahit-service/internal/booking/service.go:244.2,244.24 1 1
gitlab.cs.ui.ac.id/ppl-fasilkom-ui/2022/Kelas-B/OOP/majapahit-service/internal/booking/service.go:248.2,248.26 1 1
gitlab.cs.ui.ac.id/ppl-fasilkom-ui/2022/Kelas-B/OOP/majapahit-service/internal/booking/service.go:252.2,253.40 2 1
gitlab.cs.ui.ac.id/ppl-fasilkom-ui/2022/Kelas-B/OOP/majapahit-service/internal/booking/service.go:256.2,265.16 4 1
gitlab.cs.ui.ac.id/ppl-fasilkom-ui/2022/Kelas-B/OOP/majapahit-service/internal/booking/service.go:269.2,270.16 2 1
gitlab.cs.ui.ac.id/ppl-fasilkom-ui/2022/Kelas-B/OOP/majapahit-service/internal/booking/service.go:274.2,275.16 2 1
gitlab.cs.ui.ac.id/ppl-fasilkom-ui/2022/Kelas-B/OOP/majapahit-service/internal/booking/service.go:279.2,284.28 5 1
gitlab.cs.ui.ac.id/ppl-fasilkom-ui/2022/Kelas-B/OOP/majapahit-service/internal/booking/service.go:236.25,238.3 1 1
gitlab.cs.ui.ac.id/ppl-fasilkom-ui/2022/Kelas-B/OOP/majapahit-service/internal/booking/service.go:240.28,242.3 1 1
gitlab.cs.ui.ac.id/ppl-fasilkom-ui/2022/Kelas-B/OOP/majapahit-service/internal/booking/service.go:244.24,246.3 1 1
gitlab.cs.ui.ac.id/ppl-fasilkom-ui/2022/Kelas-B/OOP/majapahit-service/internal/booking/service.go:248.26,250.3 1 1
gitlab.cs.ui.ac.id/ppl-fasilkom-ui/2022/Kelas-B/OOP/majapahit-service/internal/booking/service.go:253.40,255.3 1 1
gitlab.cs.ui.ac.id/ppl-fasilkom-ui/2022/Kelas-B/OOP/majapahit-service/internal/booking/service.go:265.16,267.3 1 1
gitlab.cs.ui.ac.id/ppl-fasilkom-ui/2022/Kelas-B/OOP/majapahit-service/internal/booking/service.go:270.16,272.3 1 1
gitlab.cs.ui.ac.id/ppl-fasilkom-ui/2022/Kelas-B/OOP/majapahit-service/internal/booking/service.go:275.16,277.3 1 1
gitlab.cs.ui.ac.id/ppl-fasilkom-ui/2022/Kelas-B/OOP/majapahit-service/internal/booking/service.go:287.100,290.25 2 1
gitlab.cs.ui.ac.id/ppl-fasilkom-ui/2022/Kelas-B/OOP/majapahit-service/internal/booking/service.go:294.2,294.28 1 1
gitlab.cs.ui.ac.id/ppl-fasilkom-ui/2022/Kelas-B/OOP/majapahit-service/internal/booking/service.go:298.2,298.24 1 1
gitlab.cs.ui.ac.id/ppl-fasilkom-ui/2022/Kelas-B/OOP/majapahit-service/internal/booking/service.go:302.2,313.16 5 1
gitlab.cs.ui.ac.id/ppl-fasilkom-ui/2022/Kelas-B/OOP/majapahit-service/internal/booking/service.go:317.2,318.16 2 1
gitlab.cs.ui.ac.id/ppl-fasilkom-ui/2022/Kelas-B/OOP/majapahit-service/internal/booking/service.go:322.2,323.16 2 1
gitlab.cs.ui.ac.id/ppl-fasilkom-ui/2022/Kelas-B/OOP/majapahit-service/internal/booking/service.go:327.2,333.38 5 1
gitlab.cs.ui.ac.id/ppl-fasilkom-ui/2022/Kelas-B/OOP/majapahit-service/internal/booking/service.go:290.25,292.3 1 1
gitlab.cs.ui.ac.id/ppl-fasilkom-ui/2022/Kelas-B/OOP/majapahit-service/internal/booking/service.go:294.28,296.3 1 1
gitlab.cs.ui.ac.id/ppl-fasilkom-ui/2022/Kelas-B/OOP/majapahit-service/internal/booking/service.go:298.24,300.3 1 1
gitlab.cs.ui.ac.id/ppl-fasilkom-ui/2022/Kelas-B/OOP/majapahit-service/internal/booking/service.go:313.16,315.3 1 1
gitlab.cs.ui.ac.id/ppl-fasilkom-ui/2022/Kelas-B/OOP/majapahit-service/internal/booking/service.go:318.16,320.3 1 1
gitlab.cs.ui.ac.id/ppl-fasilkom-ui/2022/Kelas-B/OOP/majapahit-service/internal/booking/service.go:323.16,325.3 1 1
gitlab.cs.ui.ac.id/ppl-fasilkom-ui/2022/Kelas-B/OOP/majapahit-service/internal/booking/service.go:336.90,338.25 2 1
gitlab.cs.ui.ac.id/ppl-fasilkom-ui/2022/Kelas-B/OOP/majapahit-service/internal/booking/service.go:342.2,342.29 1 1
gitlab.cs.ui.ac.id/ppl-fasilkom-ui/2022/Kelas-B/OOP/majapahit-service/internal/booking/service.go:346.2,346.20 1 1
gitlab.cs.ui.ac.id/ppl-fasilkom-ui/2022/Kelas-B/OOP/majapahit-service/internal/booking/service.go:338.25,340.3 1 1
gitlab.cs.ui.ac.id/ppl-fasilkom-ui/2022/Kelas-B/OOP/majapahit-service/internal/booking/service.go:342.29,344.3 1 1
gitlab.cs.ui.ac.id/ppl-fasilkom-ui/2022/Kelas-B/OOP/majapahit-service/internal/booking/service.go:349.184,351.39 2 1
gitlab.cs.ui.ac.id/ppl-fasilkom-ui/2022/Kelas-B/OOP/majapahit-service/internal/booking/service.go:356.2,356.29 1 1
gitlab.cs.ui.ac.id/ppl-fasilkom-ui/2022/Kelas-B/OOP/majapahit-service/internal/booking/service.go:375.2,375.15 1 1
gitlab.cs.ui.ac.id/ppl-fasilkom-ui/2022/Kelas-B/OOP/majapahit-service/internal/booking/service.go:351.39,354.3 2 1
gitlab.cs.ui.ac.id/ppl-fasilkom-ui/2022/Kelas-B/OOP/majapahit-service/internal/booking/service.go:356.29,360.23 3 1
gitlab.cs.ui.ac.id/ppl-fasilkom-ui/2022/Kelas-B/OOP/majapahit-service/internal/booking/service.go:360.23,364.41 4 1
gitlab.cs.ui.ac.id/ppl-fasilkom-ui/2022/Kelas-B/OOP/majapahit-service/internal/booking/service.go:368.4,369.96 2 1
gitlab.cs.ui.ac.id/ppl-fasilkom-ui/2022/Kelas-B/OOP/majapahit-service/internal/booking/service.go:364.41,366.5 1 1
gitlab.cs.ui.ac.id/ppl-fasilkom-ui/2022/Kelas-B/OOP/majapahit-service/internal/booking/service.go:369.96,371.5 1 1
gitlab.cs.ui.ac.id/ppl-fasilkom-ui/2022/Kelas-B/OOP/majapahit-service/internal/booking/service.go:378.202,380.33 2 1
gitlab.cs.ui.ac.id/ppl-fasilkom-ui/2022/Kelas-B/OOP/majapahit-service/internal/booking/service.go:414.2,414.26 1 1
gitlab.cs.ui.ac.id/ppl-fasilkom-ui/2022/Kelas-B/OOP/majapahit-service/internal/booking/service.go:380.33,383.42 2 1
gitlab.cs.ui.ac.id/ppl-fasilkom-ui/2022/Kelas-B/OOP/majapahit-service/internal/booking/service.go:383.42,389.27 5 1
gitlab.cs.ui.ac.id/ppl-fasilkom-ui/2022/Kelas-B/OOP/majapahit-service/internal/booking/service.go:393.4,395.131 3 1
gitlab.cs.ui.ac.id/ppl-fasilkom-ui/2022/Kelas-B/OOP/majapahit-service/internal/booking/service.go:400.4,400.58 1 1
gitlab.cs.ui.ac.id/ppl-fasilkom-ui/2022/Kelas-B/OOP/majapahit-service/internal/booking/service.go:389.27,390.13 1 1
gitlab.cs.ui.ac.id/ppl-fasilkom-ui/2022/Kelas-B/OOP/majapahit-service/internal/booking/service.go:395.131,397.13 2 1
gitlab.cs.ui.ac.id/ppl-fasilkom-ui/2022/Kelas-B/OOP/majapahit-service/internal/booking/service.go:400.58,401.161 1 1
gitlab.cs.ui.ac.id/ppl-fasilkom-ui/2022/Kelas-B/OOP/majapahit-service/internal/booking/service.go:401.161,403.6 1 1
gitlab.cs.ui.ac.id/ppl-fasilkom-ui/2022/Kelas-B/OOP/majapahit-service/internal/booking/service.go:403.11,404.23 1 1
gitlab.cs.ui.ac.id/ppl-fasilkom-ui/2022/Kelas-B/OOP/majapahit-service/internal/booking/service.go:404.23,405.15 1 1
gitlab.cs.ui.ac.id/ppl-fasilkom-ui/2022/Kelas-B/OOP/majapahit-service/internal/booking/service.go:406.12,407.12 1 1
gitlab.cs.ui.ac.id/ppl-fasilkom-ui/2022/Kelas-B/OOP/majapahit-service/internal/booking/service.go:417.122,421.35 3 1
gitlab.cs.ui.ac.id/ppl-fasilkom-ui/2022/Kelas-B/OOP/majapahit-service/internal/booking/service.go:430.2,430.52 1 1
gitlab.cs.ui.ac.id/ppl-fasilkom-ui/2022/Kelas-B/OOP/majapahit-service/internal/booking/service.go:434.2,434.23 1 1
gitlab.cs.ui.ac.id/ppl-fasilkom-ui/2022/Kelas-B/OOP/majapahit-service/internal/booking/service.go:421.35,428.3 2 1
gitlab.cs.ui.ac.id/ppl-fasilkom-ui/2022/Kelas-B/OOP/majapahit-service/internal/booking/service.go:430.52,432.3 1 1
gitlab.cs.ui.ac.id/ppl-fasilkom-ui/2022/Kelas-B/OOP/majapahit-service/internal/booking/service.go:437.98,440.24 2 1
gitlab.cs.ui.ac.id/ppl-fasilkom-ui/2022/Kelas-B/OOP/majapahit-service/internal/booking/service.go:454.2,454.52 1 1
gitlab.cs.ui.ac.id/ppl-fasilkom-ui/2022/Kelas-B/OOP/majapahit-service/internal/booking/service.go:458.2,458.23 1 1
gitlab.cs.ui.ac.id/ppl-fasilkom-ui/2022/Kelas-B/OOP/majapahit-service/internal/booking/service.go:440.24,445.26 2 1
gitlab.cs.ui.ac.id/ppl-fasilkom-ui/2022/Kelas-B/OOP/majapahit-service/internal/booking/service.go:451.3,451.57 1 1
gitlab.cs.ui.ac.id/ppl-fasilkom-ui/2022/Kelas-B/OOP/majapahit-service/internal/booking/service.go:445.26,447.4 1 1
gitlab.cs.ui.ac.id/ppl-fasilkom-ui/2022/Kelas-B/OOP/majapahit-service/internal/booking/service.go:447.9,449.4 1 1
gitlab.cs.ui.ac.id/ppl-fasilkom-ui/2022/Kelas-B/OOP/majapahit-service/internal/booking/service.go:454.52,456.3 1 1
gitlab.cs.ui.ac.id/ppl-fasilkom-ui/2022/Kelas-B/OOP/majapahit-service/internal/booking/service.go:461.97,463.23 2 1
gitlab.cs.ui.ac.id/ppl-fasilkom-ui/2022/Kelas-B/OOP/majapahit-service/internal/booking/service.go:467.2,468.23 2 1
gitlab.cs.ui.ac.id/ppl-fasilkom-ui/2022/Kelas-B/OOP/majapahit-service/internal/booking/service.go:474.2,474.13 1 1
gitlab.cs.ui.ac.id/ppl-fasilkom-ui/2022/Kelas-B/OOP/majapahit-service/internal/booking/service.go:463.23,465.3 1 1
gitlab.cs.ui.ac.id/ppl-fasilkom-ui/2022/Kelas-B/OOP/majapahit-service/internal/booking/service.go:468.23,469.32 1 1
gitlab.cs.ui.ac.id/ppl-fasilkom-ui/2022/Kelas-B/OOP/majapahit-service/internal/booking/service.go:469.32,471.4 1 1
gitlab.cs.ui.ac.id/ppl-fasilkom-ui/2022/Kelas-B/OOP/majapahit-service/internal/booking/service.go:477.61,480.20 2 1
gitlab.cs.ui.ac.id/ppl-fasilkom-ui/2022/Kelas-B/OOP/majapahit-service/internal/booking/service.go:484.2,484.24 1 1
gitlab.cs.ui.ac.id/ppl-fasilkom-ui/2022/Kelas-B/OOP/majapahit-service/internal/booking/service.go:488.2,489.16 2 1
gitlab.cs.ui.ac.id/ppl-fasilkom-ui/2022/Kelas-B/OOP/majapahit-service/internal/booking/service.go:493.2,494.16 2 1
gitlab.cs.ui.ac.id/ppl-fasilkom-ui/2022/Kelas-B/OOP/majapahit-service/internal/booking/service.go:498.2,499.16 2 1
gitlab.cs.ui.ac.id/ppl-fasilkom-ui/2022/Kelas-B/OOP/majapahit-service/internal/booking/service.go:503.2,510.42 6 1
gitlab.cs.ui.ac.id/ppl-fasilkom-ui/2022/Kelas-B/OOP/majapahit-service/internal/booking/service.go:514.2,514.27 1 1
gitlab.cs.ui.ac.id/ppl-fasilkom-ui/2022/Kelas-B/OOP/majapahit-service/internal/booking/service.go:480.20,482.3 1 1
gitlab.cs.ui.ac.id/ppl-fasilkom-ui/2022/Kelas-B/OOP/majapahit-service/internal/booking/service.go:484.24,486.3 1 1
gitlab.cs.ui.ac.id/ppl-fasilkom-ui/2022/Kelas-B/OOP/majapahit-service/internal/booking/service.go:489.16,491.3 1 1
gitlab.cs.ui.ac.id/ppl-fasilkom-ui/2022/Kelas-B/OOP/majapahit-service/internal/booking/service.go:494.16,496.3 1 1
gitlab.cs.ui.ac.id/ppl-fasilkom-ui/2022/Kelas-B/OOP/majapahit-service/internal/booking/service.go:499.16,501.3 1 1
gitlab.cs.ui.ac.id/ppl-fasilkom-ui/2022/Kelas-B/OOP/majapahit-service/internal/booking/service.go:510.42,512.3 1 1
gitlab.cs.ui.ac.id/ppl-fasilkom-ui/2022/Kelas-B/OOP/majapahit-service/internal/booking/service.go:517.75,520.20 2 1
gitlab.cs.ui.ac.id/ppl-fasilkom-ui/2022/Kelas-B/OOP/majapahit-service/internal/booking/service.go:524.2,524.19 1 1
gitlab.cs.ui.ac.id/ppl-fasilkom-ui/2022/Kelas-B/OOP/majapahit-service/internal/booking/service.go:529.2,529.24 1 1
gitlab.cs.ui.ac.id/ppl-fasilkom-ui/2022/Kelas-B/OOP/majapahit-service/internal/booking/service.go:533.2,533.19 1 1
gitlab.cs.ui.ac.id/ppl-fasilkom-ui/2022/Kelas-B/OOP/majapahit-service/internal/booking/service.go:591.2,592.16 2 1
gitlab.cs.ui.ac.id/ppl-fasilkom-ui/2022/Kelas-B/OOP/majapahit-service/internal/booking/service.go:595.2,595.12 1 1
gitlab.cs.ui.ac.id/ppl-fasilkom-ui/2022/Kelas-B/OOP/majapahit-service/internal/booking/service.go:520.20,522.3 1 1
gitlab.cs.ui.ac.id/ppl-fasilkom-ui/2022/Kelas-B/OOP/majapahit-service/internal/booking/service.go:524.19,527.3 2 1
gitlab.cs.ui.ac.id/ppl-fasilkom-ui/2022/Kelas-B/OOP/majapahit-service/internal/booking/service.go:529.24,531.3 1 1
gitlab.cs.ui.ac.id/ppl-fasilkom-ui/2022/Kelas-B/OOP/majapahit-service/internal/booking/service.go:534.33,536.17 2 1
gitlab.cs.ui.ac.id/ppl-fasilkom-ui/2022/Kelas-B/OOP/majapahit-service/internal/booking/service.go:540.3,541.46 2 1
gitlab.cs.ui.ac.id/ppl-fasilkom-ui/2022/Kelas-B/OOP/majapahit-service/internal/booking/service.go:550.3,551.17 2 1
gitlab.cs.ui.ac.id/ppl-fasilkom-ui/2022/Kelas-B/OOP/majapahit-service/internal/booking/service.go:555.3,555.15 1 1
gitlab.cs.ui.ac.id/ppl-fasilkom-ui/2022/Kelas-B/OOP/majapahit-service/internal/booking/service.go:536.17,538.4 1 1
gitlab.cs.ui.ac.id/ppl-fasilkom-ui/2022/Kelas-B/OOP/majapahit-service/internal/booking/service.go:541.46,547.4 1 1
gitlab.cs.ui.ac.id/ppl-fasilkom-ui/2022/Kelas-B/OOP/majapahit-service/internal/booking/service.go:551.17,553.4 1 1
gitlab.cs.ui.ac.id/ppl-fasilkom-ui/2022/Kelas-B/OOP/majapahit-service/internal/booking/service.go:555.15,567.18 3 1
gitlab.cs.ui.ac.id/ppl-fasilkom-ui/2022/Kelas-B/OOP/majapahit-service/internal/booking/service.go:571.4,577.18 3 1
gitlab.cs.ui.ac.id/ppl-fasilkom-ui/2022/Kelas-B/OOP/majapahit-service/internal/booking/service.go:581.4,585.18 4 1
gitlab.cs.ui.ac.id/ppl-fasilkom-ui/2022/Kelas-B/OOP/majapahit-service/internal/booking/service.go:567.18,569.5 1 1
gitlab.cs.ui.ac.id/ppl-fasilkom-ui/2022/Kelas-B/OOP/majapahit-service/internal/booking/service.go:577.18,579.5 1 1
gitlab.cs.ui.ac.id/ppl-fasilkom-ui/2022/Kelas-B/OOP/majapahit-service/internal/booking/service.go:585.18,587.5 1 1
gitlab.cs.ui.ac.id/ppl-fasilkom-ui/2022/Kelas-B/OOP/majapahit-service/internal/booking/service.go:592.16,594.3 1 1
gitlab.cs.ui.ac.id/ppl-fasilkom-ui/2022/Kelas-B/OOP/majapahit-service/internal/booking/service.go:598.86,602.25 3 1
gitlab.cs.ui.ac.id/ppl-fasilkom-ui/2022/Kelas-B/OOP/majapahit-service/internal/booking/service.go:611.2,611.24 1 1
gitlab.cs.ui.ac.id/ppl-fasilkom-ui/2022/Kelas-B/OOP/majapahit-service/internal/booking/service.go:615.2,616.16 2 1
gitlab.cs.ui.ac.id/ppl-fasilkom-ui/2022/Kelas-B/OOP/majapahit-service/internal/booking/service.go:620.2,620.12 1 1
gitlab.cs.ui.ac.id/ppl-fasilkom-ui/2022/Kelas-B/OOP/majapahit-service/internal/booking/service.go:603.29,604.32 1 1
gitlab.cs.ui.ac.id/ppl-fasilkom-ui/2022/Kelas-B/OOP/majapahit-service/internal/booking/service.go:605.32,606.29 1 1
gitlab.cs.ui.ac.id/ppl-fasilkom-ui/2022/Kelas-B/OOP/majapahit-service/internal/booking/service.go:607.10,608.95 1 1
gitlab.cs.ui.ac.id/ppl-fasilkom-ui/2022/Kelas-B/OOP/majapahit-service/internal/booking/service.go:611.24,613.3 1 1
gitlab.cs.ui.ac.id/ppl-fasilkom-ui/2022/Kelas-B/OOP/majapahit-service/internal/booking/service.go:616.16,618.3 1 1
gitlab.cs.ui.ac.id/ppl-fasilkom-ui/2022/Kelas-B/OOP/majapahit-service/internal/booking/service.go:623.76,626.19 2 1
gitlab.cs.ui.ac.id/ppl-fasilkom-ui/2022/Kelas-B/OOP/majapahit-service/internal/booking/service.go:630.2,630.24 1 1
gitlab.cs.ui.ac.id/ppl-fasilkom-ui/2022/Kelas-B/OOP/majapahit-service/internal/booking/service.go:634.2,635.16 2 1
gitlab.cs.ui.ac.id/ppl-fasilkom-ui/2022/Kelas-B/OOP/majapahit-service/internal/booking/service.go:639.2,641.49 3 1
gitlab.cs.ui.ac.id/ppl-fasilkom-ui/2022/Kelas-B/OOP/majapahit-service/internal/booking/service.go:653.2,654.31 2 1
gitlab.cs.ui.ac.id/ppl-fasilkom-ui/2022/Kelas-B/OOP/majapahit-service/internal/booking/service.go:626.19,628.3 1 1
gitlab.cs.ui.ac.id/ppl-fasilkom-ui/2022/Kelas-B/OOP/majapahit-service/internal/booking/service.go:630.24,632.3 1 1
gitlab.cs.ui.ac.id/ppl-fasilkom-ui/2022/Kelas-B/OOP/majapahit-service/internal/booking/service.go:635.16,637.3 1 1
gitlab.cs.ui.ac.id/ppl-fasilkom-ui/2022/Kelas-B/OOP/majapahit-service/internal/booking/service.go:641.49,643.17 2 1
gitlab.cs.ui.ac.id/ppl-fasilkom-ui/2022/Kelas-B/OOP/majapahit-service/internal/booking/service.go:647.3,647.17 1 1
gitlab.cs.ui.ac.id/ppl-fasilkom-ui/2022/Kelas-B/OOP/majapahit-service/internal/booking/service.go:643.17,645.4 1 1
gitlab.cs.ui.ac.id/ppl-fasilkom-ui/2022/Kelas-B/OOP/majapahit-service/internal/booking/service.go:647.17,650.4 2 1
gitlab.cs.ui.ac.id/ppl-fasilkom-ui/2022/Kelas-B/OOP/majapahit-service/internal/booking/service.go:657.131,660.22 2 1
gitlab.cs.ui.ac.id/ppl-fasilkom-ui/2022/Kelas-B/OOP/majapahit-service/internal/booking/service.go:664.2,664.23 1 1
gitlab.cs.ui.ac.id/ppl-fasilkom-ui/2022/Kelas-B/OOP/majapahit-service/internal/booking/service.go:668.2,668.34 1 1
gitlab.cs.ui.ac.id/ppl-fasilkom-ui/2022/Kelas-B/OOP/majapahit-service/internal/booking/service.go:672.2,672.23 1 1
gitlab.cs.ui.ac.id/ppl-fasilkom-ui/2022/Kelas-B/OOP/majapahit-service/internal/booking/service.go:676.2,676.24 1 1
gitlab.cs.ui.ac.id/ppl-fasilkom-ui/2022/Kelas-B/OOP/majapahit-service/internal/booking/service.go:680.2,681.16 2 1
gitlab.cs.ui.ac.id/ppl-fasilkom-ui/2022/Kelas-B/OOP/majapahit-service/internal/booking/service.go:685.2,687.45 2 1
gitlab.cs.ui.ac.id/ppl-fasilkom-ui/2022/Kelas-B/OOP/majapahit-service/internal/booking/service.go:660.22,662.3 1 1
gitlab.cs.ui.ac.id/ppl-fasilkom-ui/2022/Kelas-B/OOP/majapahit-service/internal/booking/service.go:664.23,666.3 1 1
gitlab.cs.ui.ac.id/ppl-fasilkom-ui/2022/Kelas-B/OOP/majapahit-service/internal/booking/service.go:668.34,670.3 1 1
gitlab.cs.ui.ac.id/ppl-fasilkom-ui/2022/Kelas-B/OOP/majapahit-service/internal/booking/service.go:672.23,674.3 1 0
gitlab.cs.ui.ac.id/ppl-fasilkom-ui/2022/Kelas-B/OOP/majapahit-service/internal/booking/service.go:676.24,678.3 1 1
gitlab.cs.ui.ac.id/ppl-fasilkom-ui/2022/Kelas-B/OOP/majapahit-service/internal/booking/service.go:681.16,683.3 1 1
gitlab.cs.ui.ac.id/ppl-fasilkom-ui/2022/Kelas-B/OOP/majapahit-service/internal/booking/service.go:690.101,691.46 1 1
gitlab.cs.ui.ac.id/ppl-fasilkom-ui/2022/Kelas-B/OOP/majapahit-service/internal/booking/service.go:714.2,714.19 1 1
gitlab.cs.ui.ac.id/ppl-fasilkom-ui/2022/Kelas-B/OOP/majapahit-service/internal/booking/service.go:691.46,695.17 3 1
gitlab.cs.ui.ac.id/ppl-fasilkom-ui/2022/Kelas-B/OOP/majapahit-service/internal/booking/service.go:699.3,700.17 2 1
gitlab.cs.ui.ac.id/ppl-fasilkom-ui/2022/Kelas-B/OOP/majapahit-service/internal/booking/service.go:704.3,705.41 2 1
gitlab.cs.ui.ac.id/ppl-fasilkom-ui/2022/Kelas-B/OOP/majapahit-service/internal/booking/service.go:695.17,697.4 1 0
gitlab.cs.ui.ac.id/ppl-fasilkom-ui/2022/Kelas-B/OOP/majapahit-service/internal/booking/service.go:700.17,702.4 1 0
gitlab.cs.ui.ac.id/ppl-fasilkom-ui/2022/Kelas-B/OOP/majapahit-service/internal/booking/service.go:705.41,707.18 2 1
gitlab.cs.ui.ac.id/ppl-fasilkom-ui/2022/Kelas-B/OOP/majapahit-service/internal/booking/service.go:711.4,711.20 1 1
gitlab.cs.ui.ac.id/ppl-fasilkom-ui/2022/Kelas-B/OOP/majapahit-service/internal/booking/service.go:707.18,709.5 1 1
gitlab.cs.ui.ac.id/ppl-fasilkom-ui/2022/Kelas-B/OOP/majapahit-service/internal/business_admin/repo.go:23.32,27.2 1 1
gitlab.cs.ui.ac.id/ppl-fasilkom-ui/2022/Kelas-B/OOP/majapahit-service/internal/business_admin/repo.go:29.60,34.16 4 1
gitlab.cs.ui.ac.id/ppl-fasilkom-ui/2022/Kelas-B/OOP/majapahit-service/internal/business_admin/repo.go:38.2,38.20 1 1
gitlab.cs.ui.ac.id/ppl-fasilkom-ui/2022/Kelas-B/OOP/majapahit-service/internal/business_admin/repo.go:34.16,36.3 1 1
gitlab.cs.ui.ac.id/ppl-fasilkom-ui/2022/Kelas-B/OOP/majapahit-service/internal/business_admin/repo.go:41.80,46.16 4 1
gitlab.cs.ui.ac.id/ppl-fasilkom-ui/2022/Kelas-B/OOP/majapahit-service/internal/business_admin/repo.go:58.2,58.21 1 1
gitlab.cs.ui.ac.id/ppl-fasilkom-ui/2022/Kelas-B/OOP/majapahit-service/internal/business_admin/repo.go:46.16,47.27 1 1
gitlab.cs.ui.ac.id/ppl-fasilkom-ui/2022/Kelas-B/OOP/majapahit-service/internal/business_admin/repo.go:47.27,53.4 1 1
gitlab.cs.ui.ac.id/ppl-fasilkom-ui/2022/Kelas-B/OOP/majapahit-service/internal/business_admin/repo.go:53.9,55.4 1 1
gitlab.cs.ui.ac.id/ppl-fasilkom-ui/2022/Kelas-B/OOP/majapahit-service/internal/business_admin/repo.go:61.63,66.16 4 1
gitlab.cs.ui.ac.id/ppl-fasilkom-ui/2022/Kelas-B/OOP/majapahit-service/internal/business_admin/repo.go:70.2,70.21 1 1
gitlab.cs.ui.ac.id/ppl-fasilkom-ui/2022/Kelas-B/OOP/majapahit-service/internal/business_admin/repo.go:66.16,68.3 1 1
gitlab.cs.ui.ac.id/ppl-fasilkom-ui/2022/Kelas-B/OOP/majapahit-service/internal/business_admin/repo.go:73.114,86.16 6 1
gitlab.cs.ui.ac.id/ppl-fasilkom-ui/2022/Kelas-B/OOP/majapahit-service/internal/business_admin/repo.go:95.2,98.16 3 1
gitlab.cs.ui.ac.id/ppl-fasilkom-ui/2022/Kelas-B/OOP/majapahit-service/internal/business_admin/repo.go:107.2,107.30 1 1
gitlab.cs.ui.ac.id/ppl-fasilkom-ui/2022/Kelas-B/OOP/majapahit-service/internal/business_admin/repo.go:86.16,87.27 1 1
gitlab.cs.ui.ac.id/ppl-fasilkom-ui/2022/Kelas-B/OOP/majapahit-service/internal/business_admin/repo.go:92.3,92.63 1 1
gitlab.cs.ui.ac.id/ppl-fasilkom-ui/2022/Kelas-B/OOP/majapahit-service/internal/business_admin/repo.go:87.27,91.4 3 1
gitlab.cs.ui.ac.id/ppl-fasilkom-ui/2022/Kelas-B/OOP/majapahit-service/internal/business_admin/repo.go:98.16,99.27 1 1
gitlab.cs.ui.ac.id/ppl-fasilkom-ui/2022/Kelas-B/OOP/majapahit-service/internal/business_admin/repo.go:104.3,104.63 1 1
gitlab.cs.ui.ac.id/ppl-fasilkom-ui/2022/Kelas-B/OOP/majapahit-service/internal/business_admin/repo.go:99.27,103.4 3 1
gitlab.cs.ui.ac.id/ppl-fasilkom-ui/2022/Kelas-B/OOP/majapahit-service/internal/business_admin/service.go:21.36,25.2 1 1
gitlab.cs.ui.ac.id/ppl-fasilkom-ui/2022/Kelas-B/OOP/majapahit-service/internal/business_admin/service.go:27.72,30.17 2 1
gitlab.cs.ui.ac.id/ppl-fasilkom-ui/2022/Kelas-B/OOP/majapahit-service/internal/business_admin/service.go:34.2,34.24 1 1
gitlab.cs.ui.ac.id/ppl-fasilkom-ui/2022/Kelas-B/OOP/majapahit-service/internal/business_admin/service.go:38.2,39.16 2 1
gitlab.cs.ui.ac.id/ppl-fasilkom-ui/2022/Kelas-B/OOP/majapahit-service/internal/business_admin/service.go:43.2,44.16 2 1
gitlab.cs.ui.ac.id/ppl-fasilkom-ui/2022/Kelas-B/OOP/majapahit-service/internal/business_admin/service.go:48.2,49.16 2 1
gitlab.cs.ui.ac.id/ppl-fasilkom-ui/2022/Kelas-B/OOP/majapahit-service/internal/business_admin/service.go:53.2,55.27 2 1
gitlab.cs.ui.ac.id/ppl-fasilkom-ui/2022/Kelas-B/OOP/majapahit-service/internal/business_admin/service.go:30.17,32.3 1 1
gitlab.cs.ui.ac.id/ppl-fasilkom-ui/2022/Kelas-B/OOP/majapahit-service/internal/business_admin/service.go:34.24,36.3 1 1
gitlab.cs.ui.ac.id/ppl-fasilkom-ui/2022/Kelas-B/OOP/majapahit-service/internal/business_admin/service.go:39.16,41.3 1 1
gitlab.cs.ui.ac.id/ppl-fasilkom-ui/2022/Kelas-B/OOP/majapahit-service/internal/business_admin/service.go:44.16,46.3 1 1
gitlab.cs.ui.ac.id/ppl-fasilkom-ui/2022/Kelas-B/OOP/majapahit-service/internal/business_admin/service.go:49.16,51.3 1 1
gitlab.cs.ui.ac.id/ppl-fasilkom-ui/2022/Kelas-B/OOP/majapahit-service/internal/business_admin/service.go:58.135,63.22 4 1
gitlab.cs.ui.ac.id/ppl-fasilkom-ui/2022/Kelas-B/OOP/majapahit-service/internal/business_admin/service.go:67.2,67.23 1 1
gitlab.cs.ui.ac.id/ppl-fasilkom-ui/2022/Kelas-B/OOP/majapahit-service/internal/business_admin/service.go:71.2,71.34 1 1
gitlab.cs.ui.ac.id/ppl-fasilkom-ui/2022/Kelas-B/OOP/majapahit-service/internal/business_admin/service.go:75.2,75.23 1 1
gitlab.cs.ui.ac.id/ppl-fasilkom-ui/2022/Kelas-B/OOP/majapahit-service/internal/business_admin/service.go:79.2,79.24 1 1
gitlab.cs.ui.ac.id/ppl-fasilkom-ui/2022/Kelas-B/OOP/majapahit-service/internal/business_admin/service.go:83.2,85.16 2 1
gitlab.cs.ui.ac.id/ppl-fasilkom-ui/2022/Kelas-B/OOP/majapahit-service/internal/business_admin/service.go:89.2,90.42 2 1
gitlab.cs.ui.ac.id/ppl-fasilkom-ui/2022/Kelas-B/OOP/majapahit-service/internal/business_admin/service.go:63.22,65.3 1 1
gitlab.cs.ui.ac.id/ppl-fasilkom-ui/2022/Kelas-B/OOP/majapahit-service/internal/business_admin/service.go:67.23,69.3 1 1
gitlab.cs.ui.ac.id/ppl-fasilkom-ui/2022/Kelas-B/OOP/majapahit-service/internal/business_admin/service.go:71.34,73.3 1 1
gitlab.cs.ui.ac.id/ppl-fasilkom-ui/2022/Kelas-B/OOP/majapahit-service/internal/business_admin/service.go:75.23,77.3 1 1
gitlab.cs.ui.ac.id/ppl-fasilkom-ui/2022/Kelas-B/OOP/majapahit-service/internal/business_admin/service.go:79.24,81.3 1 1
gitlab.cs.ui.ac.id/ppl-fasilkom-ui/2022/Kelas-B/OOP/majapahit-service/internal/business_admin/service.go:85.16,87.3 1 1
gitlab.cs.ui.ac.id/ppl-fasilkom-ui/2022/Kelas-B/OOP/majapahit-service/internal/business_admin/handler.go:18.43,22.2 1 1
gitlab.cs.ui.ac.id/ppl-fasilkom-ui/2022/Kelas-B/OOP/majapahit-service/internal/business_admin/handler.go:25.58,27.16 2 1
gitlab.cs.ui.ac.id/ppl-fasilkom-ui/2022/Kelas-B/OOP/majapahit-service/internal/business_admin/handler.go:33.2,36.16 3 1
gitlab.cs.ui.ac.id/ppl-fasilkom-ui/2022/Kelas-B/OOP/majapahit-service/internal/business_admin/handler.go:44.2,48.4 1 1
gitlab.cs.ui.ac.id/ppl-fasilkom-ui/2022/Kelas-B/OOP/majapahit-service/internal/business_admin/handler.go:27.16,28.51 1 1
gitlab.cs.ui.ac.id/ppl-fasilkom-ui/2022/Kelas-B/OOP/majapahit-service/internal/business_admin/handler.go:28.51,30.4 1 1
gitlab.cs.ui.ac.id/ppl-fasilkom-ui/2022/Kelas-B/OOP/majapahit-service/internal/business_admin/handler.go:36.16,37.51 1 1
gitlab.cs.ui.ac.id/ppl-fasilkom-ui/2022/Kelas-B/OOP/majapahit-service/internal/business_admin/handler.go:41.3,41.75 1 1
gitlab.cs.ui.ac.id/ppl-fasilkom-ui/2022/Kelas-B/OOP/majapahit-service/internal/business_admin/handler.go:37.51,39.4 1 1
gitlab.cs.ui.ac.id/ppl-fasilkom-ui/2022/Kelas-B/OOP/majapahit-service/internal/business_admin/handler.go:52.82,58.16 5 1
gitlab.cs.ui.ac.id/ppl-fasilkom-ui/2022/Kelas-B/OOP/majapahit-service/internal/business_admin/handler.go:64.2,67.25 3 1
gitlab.cs.ui.ac.id/ppl-fasilkom-ui/2022/Kelas-B/OOP/majapahit-service/internal/business_admin/handler.go:71.2,78.16 7 1
gitlab.cs.ui.ac.id/ppl-fasilkom-ui/2022/Kelas-B/OOP/majapahit-service/internal/business_admin/handler.go:86.2,93.4 1 1
gitlab.cs.ui.ac.id/ppl-fasilkom-ui/2022/Kelas-B/OOP/majapahit-service/internal/business_admin/handler.go:58.16,59.51 1 1
gitlab.cs.ui.ac.id/ppl-fasilkom-ui/2022/Kelas-B/OOP/majapahit-service/internal/business_admin/handler.go:59.51,61.4 1 1
gitlab.cs.ui.ac.id/ppl-fasilkom-ui/2022/Kelas-B/OOP/majapahit-service/internal/business_admin/handler.go:67.25,69.3 1 1
gitlab.cs.ui.ac.id/ppl-fasilkom-ui/2022/Kelas-B/OOP/majapahit-service/internal/business_admin/handler.go:78.16,79.51 1 1
gitlab.cs.ui.ac.id/ppl-fasilkom-ui/2022/Kelas-B/OOP/majapahit-service/internal/business_admin/handler.go:83.3,83.75 1 1
gitlab.cs.ui.ac.id/ppl-fasilkom-ui/2022/Kelas-B/OOP/majapahit-service/internal/business_admin/handler.go:79.51,81.4 1 1
gitlab.cs.ui.ac.id/ppl-fasilkom-ui/2022/Kelas-B/OOP/majapahit-service/internal/checkup/handler.go:16.43,20.2 1 1
gitlab.cs.ui.ac.id/ppl-fasilkom-ui/2022/Kelas-B/OOP/majapahit-service/internal/checkup/handler.go:23.63,25.16 2 1
gitlab.cs.ui.ac.id/ppl-fasilkom-ui/2022/Kelas-B/OOP/majapahit-service/internal/checkup/handler.go:33.2,36.4 1 1
gitlab.cs.ui.ac.id/ppl-fasilkom-ui/2022/Kelas-B/OOP/majapahit-service/internal/checkup/handler.go:25.16,31.3 2 1
gitlab.cs.ui.ac.id/ppl-fasilkom-ui/2022/Kelas-B/OOP/majapahit-service/internal/checkup/repo.go:9.32,13.2 1 1
gitlab.cs.ui.ac.id/ppl-fasilkom-ui/2022/Kelas-B/OOP/majapahit-service/internal/checkup/repo.go:24.53,25.17 1 1
gitlab.cs.ui.ac.id/ppl-fasilkom-ui/2022/Kelas-B/OOP/majapahit-service/internal/checkup/repo.go:29.2,30.16 2 1
gitlab.cs.ui.ac.id/ppl-fasilkom-ui/2022/Kelas-B/OOP/majapahit-service/internal/checkup/repo.go:34.2,34.18 1 1
gitlab.cs.ui.ac.id/ppl-fasilkom-ui/2022/Kelas-B/OOP/majapahit-service/internal/checkup/repo.go:25.17,27.3 1 1
gitlab.cs.ui.ac.id/ppl-fasilkom-ui/2022/Kelas-B/OOP/majapahit-service/internal/checkup/repo.go:30.16,32.3 1 1
gitlab.cs.ui.ac.id/ppl-fasilkom-ui/2022/Kelas-B/OOP/majapahit-service/internal/checkup/service.go:4.36,8.2 1 1
gitlab.cs.ui.ac.id/ppl-fasilkom-ui/2022/Kelas-B/OOP/majapahit-service/internal/checkup/service.go:19.56,21.16 2 1
gitlab.cs.ui.ac.id/ppl-fasilkom-ui/2022/Kelas-B/OOP/majapahit-service/internal/checkup/service.go:25.2,25.18 1 1
gitlab.cs.ui.ac.id/ppl-fasilkom-ui/2022/Kelas-B/OOP/majapahit-service/internal/checkup/service.go:21.16,23.3 1 1
gitlab.cs.ui.ac.id/ppl-fasilkom-ui/2022/Kelas-B/OOP/majapahit-service/internal/item/repo.go:12.32,16.2 1 1
gitlab.cs.ui.ac.id/ppl-fasilkom-ui/2022/Kelas-B/OOP/majapahit-service/internal/item/repo.go:29.84,42.23 11 1
gitlab.cs.ui.ac.id/ppl-fasilkom-ui/2022/Kelas-B/OOP/majapahit-service/internal/item/repo.go:48.2,53.16 5 1
gitlab.cs.ui.ac.id/ppl-fasilkom-ui/2022/Kelas-B/OOP/majapahit-service/internal/item/repo.go:63.2,64.16 2 1
gitlab.cs.ui.ac.id/ppl-fasilkom-ui/2022/Kelas-B/OOP/majapahit-service/internal/item/repo.go:74.2,75.16 2 1
gitlab.cs.ui.ac.id/ppl-fasilkom-ui/2022/Kelas-B/OOP/majapahit-service/internal/item/repo.go:85.2,85.23 1 1
gitlab.cs.ui.ac.id/ppl-fasilkom-ui/2022/Kelas-B/OOP/majapahit-service/internal/item/repo.go:42.23,46.3 3 1
gitlab.cs.ui.ac.id/ppl-fasilkom-ui/2022/Kelas-B/OOP/majapahit-service/internal/item/repo.go:53.16,54.27 1 1
gitlab.cs.ui.ac.id/ppl-fasilkom-ui/2022/Kelas-B/OOP/majapahit-service/internal/item/repo.go:60.3,60.63 1 1
gitlab.cs.ui.ac.id/ppl-fasilkom-ui/2022/Kelas-B/OOP/majapahit-service/internal/item/repo.go:54.27,59.4 4 1
gitlab.cs.ui.ac.id/ppl-fasilkom-ui/2022/Kelas-B/OOP/majapahit-service/internal/item/repo.go:64.16,65.27 1 1
gitlab.cs.ui.ac.id/ppl-fasilkom-ui/2022/Kelas-B/OOP/majapahit-service/internal/item/repo.go:71.3,71.63 1 1
gitlab.cs.ui.ac.id/ppl-fasilkom-ui/2022/Kelas-B/OOP/majapahit-service/internal/item/repo.go:65.27,70.4 4 1
gitlab.cs.ui.ac.id/ppl-fasilkom-ui/2022/Kelas-B/OOP/majapahit-service/internal/item/repo.go:75.16,76.27 1 1
gitlab.cs.ui.ac.id/ppl-fasilkom-ui/2022/Kelas-B/OOP/majapahit-service/internal/item/repo.go:82.3,82.63 1 1
gitlab.cs.ui.ac.id/ppl-fasilkom-ui/2022/Kelas-B/OOP/majapahit-service/internal/item/repo.go:76.27,81.4 4 1
gitlab.cs.ui.ac.id/ppl-fasilkom-ui/2022/Kelas-B/OOP/majapahit-service/internal/item/repo.go:88.67,95.16 5 1
gitlab.cs.ui.ac.id/ppl-fasilkom-ui/2022/Kelas-B/OOP/majapahit-service/internal/item/repo.go:103.2,103.19 1 1
gitlab.cs.ui.ac.id/ppl-fasilkom-ui/2022/Kelas-B/OOP/majapahit-service/internal/item/repo.go:95.16,96.27 1 1
gitlab.cs.ui.ac.id/ppl-fasilkom-ui/2022/Kelas-B/OOP/majapahit-service/internal/item/repo.go:100.3,100.63 1 1
gitlab.cs.ui.ac.id/ppl-fasilkom-ui/2022/Kelas-B/OOP/majapahit-service/internal/item/repo.go:96.27,99.4 2 1
gitlab.cs.ui.ac.id/ppl-fasilkom-ui/2022/Kelas-B/OOP/majapahit-service/internal/item/repo.go:106.89,119.16 6 1
gitlab.cs.ui.ac.id/ppl-fasilkom-ui/2022/Kelas-B/OOP/majapahit-service/internal/item/repo.go:128.2,131.16 3 1
gitlab.cs.ui.ac.id/ppl-fasilkom-ui/2022/Kelas-B/OOP/majapahit-service/internal/item/repo.go:140.2,140.23 1 1
gitlab.cs.ui.ac.id/ppl-fasilkom-ui/2022/Kelas-B/OOP/majapahit-service/internal/item/repo.go:119.16,120.27 1 1
gitlab.cs.ui.ac.id/ppl-fasilkom-ui/2022/Kelas-B/OOP/majapahit-service/internal/item/repo.go:125.3,125.63 1 1
gitlab.cs.ui.ac.id/ppl-fasilkom-ui/2022/Kelas-B/OOP/majapahit-service/internal/item/repo.go:120.27,124.4 3 1
gitlab.cs.ui.ac.id/ppl-fasilkom-ui/2022/Kelas-B/OOP/majapahit-service/internal/item/repo.go:131.16,132.27 1 1
gitlab.cs.ui.ac.id/ppl-fasilkom-ui/2022/Kelas-B/OOP/majapahit-service/internal/item/repo.go:137.3,137.63 1 1
gitlab.cs.ui.ac.id/ppl-fasilkom-ui/2022/Kelas-B/OOP/majapahit-service/internal/item/repo.go:132.27,136.4 3 1
gitlab.cs.ui.ac.id/ppl-fasilkom-ui/2022/Kelas-B/OOP/majapahit-service/internal/item/service.go:11.36,15.2 1 1
gitlab.cs.ui.ac.id/ppl-fasilkom-ui/2022/Kelas-B/OOP/majapahit-service/internal/item/service.go:27.105,32.40 4 1
gitlab.cs.ui.ac.id/ppl-fasilkom-ui/2022/Kelas-B/OOP/majapahit-service/internal/item/service.go:36.2,36.22 1 1
gitlab.cs.ui.ac.id/ppl-fasilkom-ui/2022/Kelas-B/OOP/majapahit-service/internal/item/service.go:40.2,40.23 1 1
gitlab.cs.ui.ac.id/ppl-fasilkom-ui/2022/Kelas-B/OOP/majapahit-service/internal/item/service.go:44.2,44.34 1 1
gitlab.cs.ui.ac.id/ppl-fasilkom-ui/2022/Kelas-B/OOP/majapahit-service/internal/item/service.go:48.2,48.23 1 1
gitlab.cs.ui.ac.id/ppl-fasilkom-ui/2022/Kelas-B/OOP/majapahit-service/internal/item/service.go:52.2,52.24 1 1
gitlab.cs.ui.ac.id/ppl-fasilkom-ui/2022/Kelas-B/OOP/majapahit-service/internal/item/service.go:56.2,56.25 1 1
gitlab.cs.ui.ac.id/ppl-fasilkom-ui/2022/Kelas-B/OOP/majapahit-service/internal/item/service.go:62.2,62.16 1 1
gitlab.cs.ui.ac.id/ppl-fasilkom-ui/2022/Kelas-B/OOP/majapahit-service/internal/item/service.go:66.2,67.35 2 1
gitlab.cs.ui.ac.id/ppl-fasilkom-ui/2022/Kelas-B/OOP/majapahit-service/internal/item/service.go:32.40,34.3 1 1
gitlab.cs.ui.ac.id/ppl-fasilkom-ui/2022/Kelas-B/OOP/majapahit-service/internal/item/service.go:36.22,38.3 1 1
gitlab.cs.ui.ac.id/ppl-fasilkom-ui/2022/Kelas-B/OOP/majapahit-service/internal/item/service.go:40.23,42.3 1 1
gitlab.cs.ui.ac.id/ppl-fasilkom-ui/2022/Kelas-B/OOP/majapahit-service/internal/item/service.go:44.34,46.3 1 1
gitlab.cs.ui.ac.id/ppl-fasilkom-ui/2022/Kelas-B/OOP/majapahit-service/internal/item/service.go:48.23,50.3 1 1
gitlab.cs.ui.ac.id/ppl-fasilkom-ui/2022/Kelas-B/OOP/majapahit-service/internal/item/service.go:52.24,54.3 1 1
gitlab.cs.ui.ac.id/ppl-fasilkom-ui/2022/Kelas-B/OOP/majapahit-service/internal/item/service.go:56.25,58.3 1 1
gitlab.cs.ui.ac.id/ppl-fasilkom-ui/2022/Kelas-B/OOP/majapahit-service/internal/item/service.go:58.8,60.3 1 1
gitlab.cs.ui.ac.id/ppl-fasilkom-ui/2022/Kelas-B/OOP/majapahit-service/internal/item/service.go:62.16,64.3 1 1
gitlab.cs.ui.ac.id/ppl-fasilkom-ui/2022/Kelas-B/OOP/majapahit-service/internal/item/service.go:70.70,73.16 2 1
gitlab.cs.ui.ac.id/ppl-fasilkom-ui/2022/Kelas-B/OOP/majapahit-service/internal/item/service.go:77.2,77.18 1 1
gitlab.cs.ui.ac.id/ppl-fasilkom-ui/2022/Kelas-B/OOP/majapahit-service/internal/item/service.go:73.16,75.3 1 1
gitlab.cs.ui.ac.id/ppl-fasilkom-ui/2022/Kelas-B/OOP/majapahit-service/internal/item/handler.go:19.43,23.2 1 1
gitlab.cs.ui.ac.id/ppl-fasilkom-ui/2022/Kelas-B/OOP/majapahit-service/internal/item/handler.go:26.67,34.16 7 1
gitlab.cs.ui.ac.id/ppl-fasilkom-ui/2022/Kelas-B/OOP/majapahit-service/internal/item/handler.go:38.2,41.25 3 1
gitlab.cs.ui.ac.id/ppl-fasilkom-ui/2022/Kelas-B/OOP/majapahit-service/internal/item/handler.go:45.2,53.16 8 1
gitlab.cs.ui.ac.id/ppl-fasilkom-ui/2022/Kelas-B/OOP/majapahit-service/internal/item/handler.go:61.2,69.4 1 1
gitlab.cs.ui.ac.id/ppl-fasilkom-ui/2022/Kelas-B/OOP/majapahit-service/internal/item/handler.go:34.16,36.3 1 1
gitlab.cs.ui.ac.id/ppl-fasilkom-ui/2022/Kelas-B/OOP/majapahit-service/internal/item/handler.go:41.25,43.3 1 1
gitlab.cs.ui.ac.id/ppl-fasilkom-ui/2022/Kelas-B/OOP/majapahit-service/internal/item/handler.go:53.16,54.51 1 1
gitlab.cs.ui.ac.id/ppl-fasilkom-ui/2022/Kelas-B/OOP/majapahit-service/internal/item/handler.go:58.3,58.75 1 1
gitlab.cs.ui.ac.id/ppl-fasilkom-ui/2022/Kelas-B/OOP/majapahit-service/internal/item/handler.go:54.51,56.4 1 1
gitlab.cs.ui.ac.id/ppl-fasilkom-ui/2022/Kelas-B/OOP/majapahit-service/internal/item/handler.go:73.53,79.16 5 1
gitlab.cs.ui.ac.id/ppl-fasilkom-ui/2022/Kelas-B/OOP/majapahit-service/internal/item/handler.go:83.2,84.16 2 1
gitlab.cs.ui.ac.id/ppl-fasilkom-ui/2022/Kelas-B/OOP/majapahit-service/internal/item/handler.go:88.2,88.25 1 1
gitlab.cs.ui.ac.id/ppl-fasilkom-ui/2022/Kelas-B/OOP/majapahit-service/internal/item/handler.go:92.2,93.16 2 1
[...]
gitlab.cs.ui.ac.id/ppl-fasilkom-ui/2022/Kelas-B/OOP/majapahit-service/internal/business_admin_auth/repo.go:337.40,339.3 1 0
gitlab.cs.ui.ac.id/ppl-fasilkom-ui/2022/Kelas-B/OOP/majapahit-service/internal/business_admin_auth/repo.go:341.16,343.3 1 0
gitlab.cs.ui.ac.id/ppl-fasilkom-ui/2022/Kelas-B/OOP/majapahit-service/internal/business_admin_auth/repo.go:344.24,346.3 1 0
gitlab.cs.ui.ac.id/ppl-fasilkom-ui/2022/Kelas-B/OOP/majapahit-service/internal/business_admin_auth/repo.go:349.36,351.3 1 0
gitlab.cs.ui.ac.id/ppl-fasilkom-ui/2022/Kelas-B/OOP/majapahit-service/internal/business_admin_auth/repo.go:351.8,351.44 1 1
gitlab.cs.ui.ac.id/ppl-fasilkom-ui/2022/Kelas-B/OOP/majapahit-service/internal/business_admin_auth/repo.go:351.44,353.3 1 0
gitlab.cs.ui.ac.id/ppl-fasilkom-ui/2022/Kelas-B/OOP/majapahit-service/internal/business_admin_auth/repo.go:356.31,358.3 1 0
gitlab.cs.ui.ac.id/ppl-fasilkom-ui/2022/Kelas-B/OOP/majapahit-service/internal/business_admin_auth/repo.go:361.40,363.3 1 0
gitlab.cs.ui.ac.id/ppl-fasilkom-ui/2022/Kelas-B/OOP/majapahit-service/internal/business_admin_auth/repo.go:363.8,363.49 1 1
gitlab.cs.ui.ac.id/ppl-fasilkom-ui/2022/Kelas-B/OOP/majapahit-service/internal/business_admin_auth/repo.go:363.49,365.3 1 0
gitlab.cs.ui.ac.id/ppl-fasilkom-ui/2022/Kelas-B/OOP/majapahit-service/internal/business_admin_auth/repo.go:368.32,370.3 1 0
gitlab.cs.ui.ac.id/ppl-fasilkom-ui/2022/Kelas-B/OOP/majapahit-service/internal/business_admin_auth/repo.go:371.35,373.3 1 0
gitlab.cs.ui.ac.id/ppl-fasilkom-ui/2022/Kelas-B/OOP/majapahit-service/internal/business_admin_auth/repo.go:377.16,379.3 1 0
gitlab.cs.ui.ac.id/ppl-fasilkom-ui/2022/Kelas-B/OOP/majapahit-service/internal/business_admin_auth/repo.go:382.16,384.3 1 0
gitlab.cs.ui.ac.id/ppl-fasilkom-ui/2022/Kelas-B/OOP/majapahit-service/internal/business_admin_auth/repo.go:386.39,388.17 2 1
gitlab.cs.ui.ac.id/ppl-fasilkom-ui/2022/Kelas-B/OOP/majapahit-service/internal/business_admin_auth/repo.go:388.17,390.4 1 0
gitlab.cs.ui.ac.id/ppl-fasilkom-ui/2022/Kelas-B/OOP/majapahit-service/internal/business_admin_auth/repo.go:390.9,390.25 1 1
gitlab.cs.ui.ac.id/ppl-fasilkom-ui/2022/Kelas-B/OOP/majapahit-service/internal/business_admin_auth/repo.go:390.25,392.4 1 0
gitlab.cs.ui.ac.id/ppl-fasilkom-ui/2022/Kelas-B/OOP/majapahit-service/internal/business_admin_auth/repo.go:398.67,400.3 1 0
gitlab.cs.ui.ac.id/ppl-fasilkom-ui/2022/Kelas-B/OOP/majapahit-service/internal/business_admin_auth/repo.go:403.41,405.3 1 0
gitlab.cs.ui.ac.id/ppl-fasilkom-ui/2022/Kelas-B/OOP/majapahit-service/internal/business_admin_auth/repo.go:405.8,405.78 1 1
gitlab.cs.ui.ac.id/ppl-fasilkom-ui/2022/Kelas-B/OOP/majapahit-service/internal/business_admin_auth/repo.go:405.78,407.3 1 0
gitlab.cs.ui.ac.id/ppl-fasilkom-ui/2022/Kelas-B/OOP/majapahit-service/internal/business_admin_auth/repo.go:410.37,412.3 1 0
gitlab.cs.ui.ac.id/ppl-fasilkom-ui/2022/Kelas-B/OOP/majapahit-service/internal/business_admin_auth/repo.go:412.8,412.70 1 1
gitlab.cs.ui.ac.id/ppl-fasilkom-ui/2022/Kelas-B/OOP/majapahit-service/internal/business_admin_auth/repo.go:412.70,414.3 1 0
gitlab.cs.ui.ac.id/ppl-fasilkom-ui/2022/Kelas-B/OOP/majapahit-service/internal/business_admin_auth/repo.go:417.57,419.3 1 0
gitlab.cs.ui.ac.id/ppl-fasilkom-ui/2022/Kelas-B/OOP/majapahit-service/internal/business_admin_auth/repo.go:419.8,419.65 1 1
gitlab.cs.ui.ac.id/ppl-fasilkom-ui/2022/Kelas-B/OOP/majapahit-service/internal/business_admin_auth/repo.go:419.65,421.3 1 0
gitlab.cs.ui.ac.id/ppl-fasilkom-ui/2022/Kelas-B/OOP/majapahit-service/internal/business_admin_auth/repo.go:427.63,428.20 1 1
gitlab.cs.ui.ac.id/ppl-fasilkom-ui/2022/Kelas-B/OOP/majapahit-service/internal/business_admin_auth/repo.go:432.2,432.32 1 1
gitlab.cs.ui.ac.id/ppl-fasilkom-ui/2022/Kelas-B/OOP/majapahit-service/internal/business_admin_auth/repo.go:442.2,443.16 2 1
gitlab.cs.ui.ac.id/ppl-fasilkom-ui/2022/Kelas-B/OOP/majapahit-service/internal/business_admin_auth/repo.go:447.2,449.16 2 1
gitlab.cs.ui.ac.id/ppl-fasilkom-ui/2022/Kelas-B/OOP/majapahit-service/internal/business_admin_auth/repo.go:452.2,452.23 1 1
gitlab.cs.ui.ac.id/ppl-fasilkom-ui/2022/Kelas-B/OOP/majapahit-service/internal/business_admin_auth/repo.go:455.2,455.25 1 1
gitlab.cs.ui.ac.id/ppl-fasilkom-ui/2022/Kelas-B/OOP/majapahit-service/internal/business_admin_auth/repo.go:459.2,459.18 1 1
gitlab.cs.ui.ac.id/ppl-fasilkom-ui/2022/Kelas-B/OOP/majapahit-service/internal/business_admin_auth/repo.go:428.20,430.3 1 0
gitlab.cs.ui.ac.id/ppl-fasilkom-ui/2022/Kelas-B/OOP/majapahit-service/internal/business_admin_auth/repo.go:432.32,433.32 1 1
gitlab.cs.ui.ac.id/ppl-fasilkom-ui/2022/Kelas-B/OOP/majapahit-service/internal/business_admin_auth/repo.go:433.32,435.4 1 0
gitlab.cs.ui.ac.id/ppl-fasilkom-ui/2022/Kelas-B/OOP/majapahit-service/internal/business_admin_auth/repo.go:435.9,435.39 1 1
gitlab.cs.ui.ac.id/ppl-fasilkom-ui/2022/Kelas-B/OOP/majapahit-service/internal/business_admin_auth/repo.go:435.39,436.12 1 1
gitlab.cs.ui.ac.id/ppl-fasilkom-ui/2022/Kelas-B/OOP/majapahit-service/internal/business_admin_auth/repo.go:437.9,437.38 1 1
gitlab.cs.ui.ac.id/ppl-fasilkom-ui/2022/Kelas-B/OOP/majapahit-service/internal/business_admin_auth/repo.go:437.38,439.4 1 0
gitlab.cs.ui.ac.id/ppl-fasilkom-ui/2022/Kelas-B/OOP/majapahit-service/internal/business_admin_auth/repo.go:443.16,445.3 1 0
gitlab.cs.ui.ac.id/ppl-fasilkom-ui/2022/Kelas-B/OOP/majapahit-service/internal/business_admin_auth/repo.go:449.16,451.3 1 0
gitlab.cs.ui.ac.id/ppl-fasilkom-ui/2022/Kelas-B/OOP/majapahit-service/internal/business_admin_auth/repo.go:452.23,454.3 1 0
gitlab.cs.ui.ac.id/ppl-fasilkom-ui/2022/Kelas-B/OOP/majapahit-service/internal/business_admin_auth/repo.go:455.25,457.3 1 0
gitlab.cs.ui.ac.id/ppl-fasilkom-ui/2022/Kelas-B/OOP/majapahit-service/internal/business_admin_auth/repo.go:463.81,465.16 2 1
gitlab.cs.ui.ac.id/ppl-fasilkom-ui/2022/Kelas-B/OOP/majapahit-service/internal/business_admin_auth/repo.go:468.2,469.16 2 1
gitlab.cs.ui.ac.id/ppl-fasilkom-ui/2022/Kelas-B/OOP/majapahit-service/internal/business_admin_auth/repo.go:472.2,473.16 2 1
gitlab.cs.ui.ac.id/ppl-fasilkom-ui/2022/Kelas-B/OOP/majapahit-service/internal/business_admin_auth/repo.go:476.2,477.16 2 1
gitlab.cs.ui.ac.id/ppl-fasilkom-ui/2022/Kelas-B/OOP/majapahit-service/internal/business_admin_auth/repo.go:481.2,481.42 1 1
gitlab.cs.ui.ac.id/ppl-fasilkom-ui/2022/Kelas-B/OOP/majapahit-service/internal/business_admin_auth/repo.go:465.16,467.3 1 0
gitlab.cs.ui.ac.id/ppl-fasilkom-ui/2022/Kelas-B/OOP/majapahit-service/internal/business_admin_auth/repo.go:469.16,471.3 1 0
gitlab.cs.ui.ac.id/ppl-fasilkom-ui/2022/Kelas-B/OOP/majapahit-service/internal/business_admin_auth/repo.go:473.16,475.3 1 0
gitlab.cs.ui.ac.id/ppl-fasilkom-ui/2022/Kelas-B/OOP/majapahit-service/internal/business_admin_auth/repo.go:477.16,479.3 1 0
gitlab.cs.ui.ac.id/ppl-fasilkom-ui/2022/Kelas-B/OOP/majapahit-service/internal/business_admin_auth/repo.go:481.42,483.3 1 1
gitlab.cs.ui.ac.id/ppl-fasilkom-ui/2022/Kelas-B/OOP/majapahit-service/internal/business_admin_auth/repo.go:483.8,483.53 1 1
gitlab.cs.ui.ac.id/ppl-fasilkom-ui/2022/Kelas-B/OOP/majapahit-service/internal/business_admin_auth/repo.go:483.53,485.3 1 0
gitlab.cs.ui.ac.id/ppl-fasilkom-ui/2022/Kelas-B/OOP/majapahit-service/internal/business_admin_auth/repo.go:485.8,487.3 1 1
gitlab.cs.ui.ac.id/ppl-fasilkom-ui/2022/Kelas-B/OOP/majapahit-service/internal/business_admin_auth/repo.go:491.41,495.25 3 1
gitlab.cs.ui.ac.id/ppl-fasilkom-ui/2022/Kelas-B/OOP/majapahit-service/internal/business_admin_auth/repo.go:503.2,503.17 1 1
gitlab.cs.ui.ac.id/ppl-fasilkom-ui/2022/Kelas-B/OOP/majapahit-service/internal/business_admin_auth/repo.go:495.25,497.17 2 1
gitlab.cs.ui.ac.id/ppl-fasilkom-ui/2022/Kelas-B/OOP/majapahit-service/internal/business_admin_auth/repo.go:500.3,500.56 1 1
gitlab.cs.ui.ac.id/ppl-fasilkom-ui/2022/Kelas-B/OOP/majapahit-service/internal/business_admin_auth/repo.go:497.17,499.4 1 0
gitlab.cs.ui.ac.id/ppl-fasilkom-ui/2022/Kelas-B/OOP/majapahit-service/internal/business_admin_auth/repo.go:507.77,510.59 3 1
gitlab.cs.ui.ac.id/ppl-fasilkom-ui/2022/Kelas-B/OOP/majapahit-service/internal/business_admin_auth/repo.go:517.2,519.75 3 1
gitlab.cs.ui.ac.id/ppl-fasilkom-ui/2022/Kelas-B/OOP/majapahit-service/internal/business_admin_auth/repo.go:526.2,536.8 1 1
gitlab.cs.ui.ac.id/ppl-fasilkom-ui/2022/Kelas-B/OOP/majapahit-service/internal/business_admin_auth/repo.go:510.59,511.36 1 1
gitlab.cs.ui.ac.id/ppl-fasilkom-ui/2022/Kelas-B/OOP/majapahit-service/internal/business_admin_auth/repo.go:514.3,514.63 1 1
gitlab.cs.ui.ac.id/ppl-fasilkom-ui/2022/Kelas-B/OOP/majapahit-service/internal/business_admin_auth/repo.go:511.36,513.4 1 1
gitlab.cs.ui.ac.id/ppl-fasilkom-ui/2022/Kelas-B/OOP/majapahit-service/internal/business_admin_auth/repo.go:519.75,520.36 1 1
gitlab.cs.ui.ac.id/ppl-fasilkom-ui/2022/Kelas-B/OOP/majapahit-service/internal/business_admin_auth/repo.go:523.3,523.63 1 1
gitlab.cs.ui.ac.id/ppl-fasilkom-ui/2022/Kelas-B/OOP/majapahit-service/internal/business_admin_auth/repo.go:520.36,522.4 1 1
gitlab.cs.ui.ac.id/ppl-fasilkom-ui/2022/Kelas-B/OOP/majapahit-service/internal/business_admin_auth/service.go:19.79,25.2 1 1
gitlab.cs.ui.ac.id/ppl-fasilkom-ui/2022/Kelas-B/OOP/majapahit-service/internal/business_admin_auth/service.go:41.104,49.25 3 1
gitlab.cs.ui.ac.id/ppl-fasilkom-ui/2022/Kelas-B/OOP/majapahit-service/internal/business_admin_auth/service.go:54.2,55.16 2 1
gitlab.cs.ui.ac.id/ppl-fasilkom-ui/2022/Kelas-B/OOP/majapahit-service/internal/business_admin_auth/service.go:60.2,61.16 2 1
gitlab.cs.ui.ac.id/ppl-fasilkom-ui/2022/Kelas-B/OOP/majapahit-service/internal/business_admin_auth/service.go:66.2,67.16 2 1
gitlab.cs.ui.ac.id/ppl-fasilkom-ui/2022/Kelas-B/OOP/majapahit-service/internal/business_admin_auth/service.go:72.2,73.20 2 1
gitlab.cs.ui.ac.id/ppl-fasilkom-ui/2022/Kelas-B/OOP/majapahit-service/internal/business_admin_auth/service.go:78.2,80.16 3 1
gitlab.cs.ui.ac.id/ppl-fasilkom-ui/2022/Kelas-B/OOP/majapahit-service/internal/business_admin_auth/service.go:85.2,86.16 2 1
gitlab.cs.ui.ac.id/ppl-fasilkom-ui/2022/Kelas-B/OOP/majapahit-service/internal/business_admin_auth/service.go:91.2,93.16 3 1
gitlab.cs.ui.ac.id/ppl-fasilkom-ui/2022/Kelas-B/OOP/majapahit-service/internal/business_admin_auth/service.go:98.2,102.16 2 1
gitlab.cs.ui.ac.id/ppl-fasilkom-ui/2022/Kelas-B/OOP/majapahit-service/internal/business_admin_auth/service.go:107.2,111.26 4 1
gitlab.cs.ui.ac.id/ppl-fasilkom-ui/2022/Kelas-B/OOP/majapahit-service/internal/business_admin_auth/service.go:49.25,51.3 1 0
gitlab.cs.ui.ac.id/ppl-fasilkom-ui/2022/Kelas-B/OOP/majapahit-service/internal/business_admin_auth/service.go:55.16,57.3 1 0
gitlab.cs.ui.ac.id/ppl-fasilkom-ui/2022/Kelas-B/OOP/majapahit-service/internal/business_admin_auth/service.go:61.16,63.3 1 0
gitlab.cs.ui.ac.id/ppl-fasilkom-ui/2022/Kelas-B/OOP/majapahit-service/internal/business_admin_auth/service.go:67.16,69.3 1 0
gitlab.cs.ui.ac.id/ppl-fasilkom-ui/2022/Kelas-B/OOP/majapahit-service/internal/business_admin_auth/service.go:73.20,75.3 1 0
gitlab.cs.ui.ac.id/ppl-fasilkom-ui/2022/Kelas-B/OOP/majapahit-service/internal/business_admin_auth/service.go:80.16,82.3 1 0
gitlab.cs.ui.ac.id/ppl-fasilkom-ui/2022/Kelas-B/OOP/majapahit-service/internal/business_admin_auth/service.go:86.16,88.3 1 0
gitlab.cs.ui.ac.id/ppl-fasilkom-ui/2022/Kelas-B/OOP/majapahit-service/internal/business_admin_auth/service.go:93.16,95.3 1 0
gitlab.cs.ui.ac.id/ppl-fasilkom-ui/2022/Kelas-B/OOP/majapahit-service/internal/business_admin_auth/service.go:102.16,104.3 1 0
gitlab.cs.ui.ac.id/ppl-fasilkom-ui/2022/Kelas-B/OOP/majapahit-service/internal/business_admin_auth/service.go:115.88,116.52 1 1
gitlab.cs.ui.ac.id/ppl-fasilkom-ui/2022/Kelas-B/OOP/majapahit-service/internal/business_admin_auth/service.go:120.2,120.20 1 1
gitlab.cs.ui.ac.id/ppl-fasilkom-ui/2022/Kelas-B/OOP/majapahit-service/internal/business_admin_auth/service.go:124.2,125.16 2 1
gitlab.cs.ui.ac.id/ppl-fasilkom-ui/2022/Kelas-B/OOP/majapahit-service/internal/business_admin_auth/service.go:129.2,129.104 1 1
gitlab.cs.ui.ac.id/ppl-fasilkom-ui/2022/Kelas-B/OOP/majapahit-service/internal/business_admin_auth/service.go:134.2,144.16 5 1
gitlab.cs.ui.ac.id/ppl-fasilkom-ui/2022/Kelas-B/OOP/majapahit-service/internal/business_admin_auth/service.go:149.2,149.56 1 1
gitlab.cs.ui.ac.id/ppl-fasilkom-ui/2022/Kelas-B/OOP/majapahit-service/internal/business_admin_auth/service.go:154.2,157.85 3 1
gitlab.cs.ui.ac.id/ppl-fasilkom-ui/2022/Kelas-B/OOP/majapahit-service/internal/business_admin_auth/service.go:116.52,118.3 1 1
gitlab.cs.ui.ac.id/ppl-fasilkom-ui/2022/Kelas-B/OOP/majapahit-service/internal/business_admin_auth/service.go:120.20,122.3 1 1
gitlab.cs.ui.ac.id/ppl-fasilkom-ui/2022/Kelas-B/OOP/majapahit-service/internal/business_admin_auth/service.go:125.16,127.3 1 1
gitlab.cs.ui.ac.id/ppl-fasilkom-ui/2022/Kelas-B/OOP/majapahit-service/internal/business_admin_auth/service.go:129.104,132.3 2 1
gitlab.cs.ui.ac.id/ppl-fasilkom-ui/2022/Kelas-B/OOP/majapahit-service/internal/business_admin_auth/service.go:144.16,147.3 2 1
gitlab.cs.ui.ac.id/ppl-fasilkom-ui/2022/Kelas-B/OOP/majapahit-service/internal/business_admin_auth/service.go:149.56,152.3 2 1
gitlab.cs.ui.ac.id/ppl-fasilkom-ui/2022/Kelas-B/OOP/majapahit-service/pkg/firebase_auth/repo.go:27.75,38.16 5 1
gitlab.cs.ui.ac.id/ppl-fasilkom-ui/2022/Kelas-B/OOP/majapahit-service/pkg/firebase_auth/repo.go:42.2,46.16 4 1
gitlab.cs.ui.ac.id/ppl-fasilkom-ui/2022/Kelas-B/OOP/majapahit-service/pkg/firebase_auth/repo.go:50.2,50.31 1 1
gitlab.cs.ui.ac.id/ppl-fasilkom-ui/2022/Kelas-B/OOP/majapahit-service/pkg/firebase_auth/repo.go:73.2,73.26 1 1
gitlab.cs.ui.ac.id/ppl-fasilkom-ui/2022/Kelas-B/OOP/majapahit-service/pkg/firebase_auth/repo.go:38.16,40.3 1 1
gitlab.cs.ui.ac.id/ppl-fasilkom-ui/2022/Kelas-B/OOP/majapahit-service/pkg/firebase_auth/repo.go:46.16,48.3 1 1
gitlab.cs.ui.ac.id/ppl-fasilkom-ui/2022/Kelas-B/OOP/majapahit-service/pkg/firebase_auth/repo.go:50.31,54.17 3 1
gitlab.cs.ui.ac.id/ppl-fasilkom-ui/2022/Kelas-B/OOP/majapahit-service/pkg/firebase_auth/repo.go:58.3,58.71 1 1
gitlab.cs.ui.ac.id/ppl-fasilkom-ui/2022/Kelas-B/OOP/majapahit-service/pkg/firebase_auth/repo.go:62.3,62.68 1 1
gitlab.cs.ui.ac.id/ppl-fasilkom-ui/2022/Kelas-B/OOP/majapahit-service/pkg/firebase_auth/repo.go:66.3,66.76 1 1
gitlab.cs.ui.ac.id/ppl-fasilkom-ui/2022/Kelas-B/OOP/majapahit-service/pkg/firebase_auth/repo.go:70.3,70.74 1 1
gitlab.cs.ui.ac.id/ppl-fasilkom-ui/2022/Kelas-B/OOP/majapahit-service/pkg/firebase_auth/repo.go:54.17,56.4 1 1
gitlab.cs.ui.ac.id/ppl-fasilkom-ui/2022/Kelas-B/OOP/majapahit-service/pkg/firebase_auth/repo.go:58.71,60.4 1 1
gitlab.cs.ui.ac.id/ppl-fasilkom-ui/2022/Kelas-B/OOP/majapahit-service/pkg/firebase_auth/repo.go:62.68,64.4 1 1
gitlab.cs.ui.ac.id/ppl-fasilkom-ui/2022/Kelas-B/OOP/majapahit-service/pkg/firebase_auth/repo.go:66.76,68.4 1 1
gitlab.cs.ui.ac.id/ppl-fasilkom-ui/2022/Kelas-B/OOP/majapahit-service/pkg/firebase_auth/repo.go:77.69,88.16 5 1
gitlab.cs.ui.ac.id/ppl-fasilkom-ui/2022/Kelas-B/OOP/majapahit-service/pkg/firebase_auth/repo.go:92.2,103.46 5 1
gitlab.cs.ui.ac.id/ppl-fasilkom-ui/2022/Kelas-B/OOP/majapahit-service/pkg/firebase_auth/repo.go:120.2,120.71 1 1
gitlab.cs.ui.ac.id/ppl-fasilkom-ui/2022/Kelas-B/OOP/majapahit-service/pkg/firebase_auth/repo.go:124.2,124.29 1 1
gitlab.cs.ui.ac.id/ppl-fasilkom-ui/2022/Kelas-B/OOP/majapahit-service/pkg/firebase_auth/repo.go:128.2,130.8 1 1
gitlab.cs.ui.ac.id/ppl-fasilkom-ui/2022/Kelas-B/OOP/majapahit-service/pkg/firebase_auth/repo.go:88.16,90.3 1 1
gitlab.cs.ui.ac.id/ppl-fasilkom-ui/2022/Kelas-B/OOP/majapahit-service/pkg/firebase_auth/repo.go:103.46,105.17 2 1
gitlab.cs.ui.ac.id/ppl-fasilkom-ui/2022/Kelas-B/OOP/majapahit-service/pkg/firebase_auth/repo.go:109.3,109.118 1 1
gitlab.cs.ui.ac.id/ppl-fasilkom-ui/2022/Kelas-B/OOP/majapahit-service/pkg/firebase_auth/repo.go:113.3,113.83 1 1
gitlab.cs.ui.ac.id/ppl-fasilkom-ui/2022/Kelas-B/OOP/majapahit-service/pkg/firebase_auth/repo.go:117.3,117.74 1 1
gitlab.cs.ui.ac.id/ppl-fasilkom-ui/2022/Kelas-B/OOP/majapahit-service/pkg/firebase_auth/repo.go:105.17,107.4 1 1
gitlab.cs.ui.ac.id/ppl-fasilkom-ui/2022/Kelas-B/OOP/majapahit-service/pkg/firebase_auth/repo.go:109.118,111.4 1 1
gitlab.cs.ui.ac.id/ppl-fasilkom-ui/2022/Kelas-B/OOP/majapahit-service/pkg/firebase_auth/repo.go:113.83,115.4 1 1
gitlab.cs.ui.ac.id/ppl-fasilkom-ui/2022/Kelas-B/OOP/majapahit-service/pkg/firebase_auth/repo.go:120.71,122.3 1 1
gitlab.cs.ui.ac.id/ppl-fasilkom-ui/2022/Kelas-B/OOP/majapahit-service/pkg/firebase_auth/repo.go:124.29,126.3 1 1
gitlab.cs.ui.ac.id/ppl-fasilkom-ui/2022/Kelas-B/OOP/majapahit-service/pkg/firebase_auth/repo.go:133.78,143.16 5 1
gitlab.cs.ui.ac.id/ppl-fasilkom-ui/2022/Kelas-B/OOP/majapahit-service/pkg/firebase_auth/repo.go:147.2,151.16 4 1
gitlab.cs.ui.ac.id/ppl-fasilkom-ui/2022/Kelas-B/OOP/majapahit-service/pkg/firebase_auth/repo.go:155.2,155.25 1 1
gitlab.cs.ui.ac.id/ppl-fasilkom-ui/2022/Kelas-B/OOP/majapahit-service/pkg/firebase_auth/repo.go:170.2,170.23 1 1
gitlab.cs.ui.ac.id/ppl-fasilkom-ui/2022/Kelas-B/OOP/majapahit-service/pkg/firebase_auth/repo.go:143.16,145.3 1 1
gitlab.cs.ui.ac.id/ppl-fasilkom-ui/2022/Kelas-B/OOP/majapahit-service/pkg/firebase_auth/repo.go:151.16,153.3 1 1
gitlab.cs.ui.ac.id/ppl-fasilkom-ui/2022/Kelas-B/OOP/majapahit-service/pkg/firebase_auth/repo.go:155.25,159.17 3 1
gitlab.cs.ui.ac.id/ppl-fasilkom-ui/2022/Kelas-B/OOP/majapahit-service/pkg/firebase_auth/repo.go:163.3,163.72 1 1
gitlab.cs.ui.ac.id/ppl-fasilkom-ui/2022/Kelas-B/OOP/majapahit-service/pkg/firebase_auth/repo.go:167.3,167.74 1 1
gitlab.cs.ui.ac.id/ppl-fasilkom-ui/2022/Kelas-B/OOP/majapahit-service/pkg/firebase_auth/repo.go:159.17,161.4 1 1
gitlab.cs.ui.ac.id/ppl-fasilkom-ui/2022/Kelas-B/OOP/majapahit-service/pkg/firebase_auth/repo.go:163.72,165.4 1 1
gitlab.cs.ui.ac.id/ppl-fasilkom-ui/2022/Kelas-B/OOP/majapahit-service/pkg/firebase_auth/repo.go:174.70,180.2 1 1
gitlab.cs.ui.ac.id/ppl-fasilkom-ui/2022/Kelas-B/OOP/majapahit-service/pkg/xendit/service.go:28.47,30.2 1 1
gitlab.cs.ui.ac.id/ppl-fasilkom-ui/2022/Kelas-B/OOP/majapahit-service/pkg/xendit/service.go:32.85,34.36 2 1
gitlab.cs.ui.ac.id/ppl-fasilkom-ui/2022/Kelas-B/OOP/majapahit-service/pkg/xendit/service.go:42.2,68.49 5 1
gitlab.cs.ui.ac.id/ppl-fasilkom-ui/2022/Kelas-B/OOP/majapahit-service/pkg/xendit/service.go:71.2,71.47 1 1
gitlab.cs.ui.ac.id/ppl-fasilkom-ui/2022/Kelas-B/OOP/majapahit-service/pkg/xendit/service.go:74.2,77.16 3 1
gitlab.cs.ui.ac.id/ppl-fasilkom-ui/2022/Kelas-B/OOP/majapahit-service/pkg/xendit/service.go:81.2,81.18 1 1
gitlab.cs.ui.ac.id/ppl-fasilkom-ui/2022/Kelas-B/OOP/majapahit-service/pkg/xendit/service.go:34.36,40.3 1 1
gitlab.cs.ui.ac.id/ppl-fasilkom-ui/2022/Kelas-B/OOP/majapahit-service/pkg/xendit/service.go:68.49,70.3 1 1
gitlab.cs.ui.ac.id/ppl-fasilkom-ui/2022/Kelas-B/OOP/majapahit-service/pkg/xendit/service.go:71.47,73.3 1 1
gitlab.cs.ui.ac.id/ppl-fasilkom-ui/2022/Kelas-B/OOP/majapahit-service/pkg/xendit/service.go:77.16,79.3 1 1
gitlab.cs.ui.ac.id/ppl-fasilkom-ui/2022/Kelas-B/OOP/majapahit-service/pkg/xendit/service.go:84.100,98.16 3 1
gitlab.cs.ui.ac.id/ppl-fasilkom-ui/2022/Kelas-B/OOP/majapahit-service/pkg/xendit/service.go:102.2,102.18 1 1
gitlab.cs.ui.ac.id/ppl-fasilkom-ui/2022/Kelas-B/OOP/majapahit-service/pkg/xendit/service.go:98.16,100.3 1 1
gitlab.cs.ui.ac.id/ppl-fasilkom-ui/2022/Kelas-B/OOP/majapahit-service/pkg/xendit/service.go:105.65,111.16 3 1
gitlab.cs.ui.ac.id/ppl-fasilkom-ui/2022/Kelas-B/OOP/majapahit-service/pkg/xendit/service.go:115.2,115.18 1 1
gitlab.cs.ui.ac.id/ppl-fasilkom-ui/2022/Kelas-B/OOP/majapahit-service/pkg/xendit/service.go:111.16,113.3 1 1
gitlab.cs.ui.ac.id/ppl-fasilkom-ui/2022/Kelas-B/OOP/majapahit-service/pkg/xendit/service.go:118.75,124.16 3 1
gitlab.cs.ui.ac.id/ppl-fasilkom-ui/2022/Kelas-B/OOP/majapahit-service/pkg/xendit/service.go:128.2,128.18 1 1
gitlab.cs.ui.ac.id/ppl-fasilkom-ui/2022/Kelas-B/OOP/majapahit-service/pkg/xendit/service.go:124.16,126.3 1 1
